[0.284s] Invoking command in '/home/samee/ros2ws/build/r_gator_gazebo_tool': CMAKE_PREFIX_PATH=/opt/ros/humble:${CMAKE_PREFIX_PATH} /usr/local/bin/cmake --build /home/samee/ros2ws/build/r_gator_gazebo_tool -- -j12 -l12
[0.299s] [ 14%] [32mBuilding CXX object CMakeFiles/tf_broadcaster_node.dir/src/tf_broadcaster.cpp.o[0m
[0.299s] [ 28%] [32mBuilding CXX object CMakeFiles/r_gator_gazebo_tool_node.dir/src/gazebo_odom_publisher.cpp.o[0m
[0.306s] [01m[K/home/samee/ros2ws/src/r_gator_gazebo_tool/src/tf_broadcaster.cpp:1:10:[m[K [01;31m[Kfatal error: [m[Krclcpp/rclcpp.hpp: No such file or directory
[0.307s]     1 | #include [01;31m[K"rclcpp/rclcpp.hpp"[m[K
[0.307s]       |          [01;31m[K^~~~~~~~~~~~~~~~~~~[m[K
[0.308s] compilation terminated.
[0.308s] [01m[K/home/samee/ros2ws/src/r_gator_gazebo_tool/src/gazebo_odom_publisher.cpp:1:10:[m[K [01;31m[Kfatal error: [m[Krclcpp/rclcpp.hpp: No such file or directory
[0.308s]     1 | #include [01;31m[K"rclcpp/rclcpp.hpp"[m[K
[0.308s]       |          [01;31m[K^~~~~~~~~~~~~~~~~~~[m[K
[0.308s] compilation terminated.
[0.308s] gmake[2]: *** [CMakeFiles/tf_broadcaster_node.dir/build.make:76: CMakeFiles/tf_broadcaster_node.dir/src/tf_broadcaster.cpp.o] Error 1
[0.309s] gmake[1]: *** [CMakeFiles/Makefile2:193: CMakeFiles/tf_broadcaster_node.dir/all] Error 2
[0.309s] gmake[1]: *** Waiting for unfinished jobs....
[0.310s] gmake[2]: *** [CMakeFiles/r_gator_gazebo_tool_node.dir/build.make:76: CMakeFiles/r_gator_gazebo_tool_node.dir/src/gazebo_odom_publisher.cpp.o] Error 1
[0.310s] gmake[1]: *** [CMakeFiles/Makefile2:167: CMakeFiles/r_gator_gazebo_tool_node.dir/all] Error 2
[0.310s] [ 42%] [32mBuilding CXX object CMakeFiles/r_gator_gazebo_tool.dir/src/tf_broadcaster.cpp.o[0m
[0.310s] [ 57%] [32mBuilding CXX object CMakeFiles/r_gator_gazebo_tool.dir/src/gazebo_odom_publisher.cpp.o[0m
[0.522s] [01m[K/home/samee/ros2ws/src/r_gator_gazebo_tool/src/gazebo_odom_publisher.cpp:6:10:[m[K [01;31m[Kfatal error: [m[Ktf2_geometry_msgs/tf2_geometry_msgs.h: No such file or directory
[0.522s]     6 | #include [01;31m[K"tf2_geometry_msgs/tf2_geometry_msgs.h"[m[K
[0.522s]       |          [01;31m[K^~~~~~~~~~~~~~~~~~~~~~~~~~~~~~~~~~~~~~~[m[K
[0.522s] compilation terminated.
[0.524s] gmake[2]: *** [CMakeFiles/r_gator_gazebo_tool.dir/build.make:90: CMakeFiles/r_gator_gazebo_tool.dir/src/gazebo_odom_publisher.cpp.o] Error 1
[0.524s] gmake[2]: *** Waiting for unfinished jobs....
[2.349s] [01m[K/home/samee/ros2ws/src/r_gator_gazebo_tool/src/tf_broadcaster.cpp:[m[K In member function â€˜[01m[Kvoid TFBroadcaster::broadcast_transforms()[m[Kâ€™:
[2.349s] [01m[K/home/samee/ros2ws/src/r_gator_gazebo_tool/src/tf_broadcaster.cpp:33:16:[m[K [01;31m[Kerror: [m[Kâ€˜[01m[KTransform[m[Kâ€™ is not a member of â€˜[01m[Ktf2_ros[m[Kâ€™; did you mean â€˜[01m[Kgeometry_msgs::msg::Transform[m[Kâ€™?
[2.349s]    33 |       tf2_ros::[01;31m[KTransform[m[K map_to_path;
[2.349s]       |                [01;31m[K^~~~~~~~~[m[K
[2.349s] In file included from [01m[K/opt/ros/humble/include/geometry_msgs/geometry_msgs/msg/detail/transform_stamped__struct.hpp:22[m[K,
[2.349s]                  from [01m[K/opt/ros/humble/include/geometry_msgs/geometry_msgs/msg/transform_stamped.hpp:7[m[K,
[2.349s]                  from [01m[K/opt/ros/humble/include/tf2_ros/tf2_ros/transform_broadcaster.h:42[m[K,
[2.349s]                  from [01m[K/home/samee/ros2ws/src/r_gator_gazebo_tool/src/tf_broadcaster.cpp:2[m[K:
[2.349s] [01m[K/opt/ros/humble/include/geometry_msgs/geometry_msgs/msg/detail/transform__struct.hpp:135:7:[m[K [01;36m[Knote: [m[Kâ€˜[01m[Kgeometry_msgs::msg::Transform[m[Kâ€™ declared here
[2.350s]   135 | using [01;36m[KTransform[m[K =
[2.350s]       |       [01;36m[K^~~~~~~~~[m[K
[2.354s] [01m[K/home/samee/ros2ws/src/r_gator_gazebo_tool/src/tf_broadcaster.cpp:34:7:[m[K [01;31m[Kerror: [m[Kâ€˜[01m[Kmap_to_path[m[Kâ€™ was not declared in this scope
[2.354s]    34 |       [01;31m[Kmap_to_path[m[K.setIdentity();
[2.355s]       |       [01;31m[K^~~~~~~~~~~[m[K
[2.355s] [01m[K/home/samee/ros2ws/src/r_gator_gazebo_tool/src/tf_broadcaster.cpp:39:43:[m[K [01;31m[Kerror: [m[Kâ€˜[01m[KtoMsg[m[Kâ€™ is not a member of â€˜[01m[Ktf2_ros[m[Kâ€™
[2.355s]    39 |       map_to_path_tf.transform = tf2_ros::[01;31m[KtoMsg[m[K(map_to_path);
[2.355s]       |                                           [01;31m[K^~~~~[m[K
[2.355s] [01m[K/home/samee/ros2ws/src/r_gator_gazebo_tool/src/tf_broadcaster.cpp:41:16:[m[K [01;31m[Kerror: [m[Kâ€˜[01m[KTransform[m[Kâ€™ is not a member of â€˜[01m[Ktf2_ros[m[Kâ€™; did you mean â€˜[01m[Kgeometry_msgs::msg::Transform[m[Kâ€™?
[2.355s]    41 |       tf2_ros::[01;31m[KTransform[m[K map_to_odom;
[2.355s]       |                [01;31m[K^~~~~~~~~[m[K
[2.355s] In file included from [01m[K/opt/ros/humble/include/geometry_msgs/geometry_msgs/msg/detail/transform_stamped__struct.hpp:22[m[K,
[2.355s]                  from [01m[K/opt/ros/humble/include/geometry_msgs/geometry_msgs/msg/transform_stamped.hpp:7[m[K,
[2.355s]                  from [01m[K/opt/ros/humble/include/tf2_ros/tf2_ros/transform_broadcaster.h:42[m[K,
[2.355s]                  from [01m[K/home/samee/ros2ws/src/r_gator_gazebo_tool/src/tf_broadcaster.cpp:2[m[K:
[2.356s] [01m[K/opt/ros/humble/include/geometry_msgs/geometry_msgs/msg/detail/transform__struct.hpp:135:7:[m[K [01;36m[Knote: [m[Kâ€˜[01m[Kgeometry_msgs::msg::Transform[m[Kâ€™ declared here
[2.356s]   135 | using [01;36m[KTransform[m[K =
[2.356s]       |       [01;36m[K^~~~~~~~~[m[K
[2.356s] [01m[K/home/samee/ros2ws/src/r_gator_gazebo_tool/src/tf_broadcaster.cpp:42:16:[m[K [01;31m[Kerror: [m[Kâ€˜[01m[KTransform[m[Kâ€™ is not a member of â€˜[01m[Ktf2_ros[m[Kâ€™; did you mean â€˜[01m[Kgeometry_msgs::msg::Transform[m[Kâ€™?
[2.356s]    42 |       tf2_ros::[01;31m[KTransform[m[K map_to_odom_tf;
[2.356s]       |                [01;31m[K^~~~~~~~~[m[K
[2.356s] In file included from [01m[K/opt/ros/humble/include/geometry_msgs/geometry_msgs/msg/detail/transform_stamped__struct.hpp:22[m[K,
[2.356s]                  from [01m[K/opt/ros/humble/include/geometry_msgs/geometry_msgs/msg/transform_stamped.hpp:7[m[K,
[2.356s]                  from [01m[K/opt/ros/humble/include/tf2_ros/tf2_ros/transform_broadcaster.h:42[m[K,
[2.356s]                  from [01m[K/home/samee/ros2ws/src/r_gator_gazebo_tool/src/tf_broadcaster.cpp:2[m[K:
[2.356s] [01m[K/opt/ros/humble/include/geometry_msgs/geometry_msgs/msg/detail/transform__struct.hpp:135:7:[m[K [01;36m[Knote: [m[Kâ€˜[01m[Kgeometry_msgs::msg::Transform[m[Kâ€™ declared here
[2.356s]   135 | using [01;36m[KTransform[m[K =
[2.356s]       |       [01;36m[K^~~~~~~~~[m[K
[2.360s] [01m[K/home/samee/ros2ws/src/r_gator_gazebo_tool/src/tf_broadcaster.cpp:43:7:[m[K [01;31m[Kerror: [m[Kâ€˜[01m[Kmap_to_odom[m[Kâ€™ was not declared in this scope
[2.360s]    43 |       [01;31m[Kmap_to_odom[m[K.setOrigin(tf2_ros::Vector3(tf_pose.position.x, tf_pose.position.y, tf_pose.position.z));
[2.360s]       |       [01;31m[K^~~~~~~~~~~[m[K
[2.361s] [01m[K/home/samee/ros2ws/src/r_gator_gazebo_tool/src/tf_broadcaster.cpp:43:38:[m[K [01;31m[Kerror: [m[Kâ€˜[01m[KVector3[m[Kâ€™ is not a member of â€˜[01m[Ktf2_ros[m[Kâ€™; did you mean â€˜[01m[Kgeometry_msgs::msg::Vector3[m[Kâ€™?
[2.361s]    43 |       map_to_odom.setOrigin(tf2_ros::[01;31m[KVector3[m[K(tf_pose.position.x, tf_pose.position.y, tf_pose.position.z));
[2.361s]       |                                      [01;31m[K^~~~~~~[m[K
[2.361s] In file included from [01m[K/opt/ros/humble/include/geometry_msgs/geometry_msgs/msg/detail/transform__struct.hpp:20[m[K,
[2.361s]                  from [01m[K/opt/ros/humble/include/geometry_msgs/geometry_msgs/msg/detail/transform_stamped__struct.hpp:22[m[K,
[2.361s]                  from [01m[K/opt/ros/humble/include/geometry_msgs/geometry_msgs/msg/transform_stamped.hpp:7[m[K,
[2.361s]                  from [01m[K/opt/ros/humble/include/tf2_ros/tf2_ros/transform_broadcaster.h:42[m[K,
[2.361s]                  from [01m[K/home/samee/ros2ws/src/r_gator_gazebo_tool/src/tf_broadcaster.cpp:2[m[K:
[2.361s] [01m[K/opt/ros/humble/include/geometry_msgs/geometry_msgs/msg/detail/vector3__struct.hpp:150:7:[m[K [01;36m[Knote: [m[Kâ€˜[01m[Kgeometry_msgs::msg::Vector3[m[Kâ€™ declared here
[2.361s]   150 | using [01;36m[KVector3[m[K =
[2.361s]       |       [01;36m[K^~~~~~~[m[K
[2.361s] [01m[K/home/samee/ros2ws/src/r_gator_gazebo_tool/src/tf_broadcaster.cpp:44:40:[m[K [01;31m[Kerror: [m[Kâ€˜[01m[KQuaternion[m[Kâ€™ is not a member of â€˜[01m[Ktf2_ros[m[Kâ€™; did you mean â€˜[01m[Kgeometry_msgs::msg::Quaternion[m[Kâ€™?
[2.361s]    44 |       map_to_odom.setRotation(tf2_ros::[01;31m[KQuaternion[m[K(0, 0, 0, 1));
[2.362s]       |                                        [01;31m[K^~~~~~~~~~[m[K
[2.362s] In file included from [01m[K/opt/ros/humble/include/geometry_msgs/geometry_msgs/msg/detail/transform__struct.hpp:22[m[K,
[2.362s]                  from [01m[K/opt/ros/humble/include/geometry_msgs/geometry_msgs/msg/detail/transform_stamped__struct.hpp:22[m[K,
[2.362s]                  from [01m[K/opt/ros/humble/include/geometry_msgs/geometry_msgs/msg/transform_stamped.hpp:7[m[K,
[2.362s]                  from [01m[K/opt/ros/humble/include/tf2_ros/tf2_ros/transform_broadcaster.h:42[m[K,
[2.362s]                  from [01m[K/home/samee/ros2ws/src/r_gator_gazebo_tool/src/tf_broadcaster.cpp:2[m[K:
[2.362s] [01m[K/opt/ros/humble/include/geometry_msgs/geometry_msgs/msg/detail/quaternion__struct.hpp:174:7:[m[K [01;36m[Knote: [m[Kâ€˜[01m[Kgeometry_msgs::msg::Quaternion[m[Kâ€™ declared here
[2.362s]   174 | using [01;36m[KQuaternion[m[K =
[2.362s]       |       [01;36m[K^~~~~~~~~~[m[K
[2.366s] [01m[K/home/samee/ros2ws/src/r_gator_gazebo_tool/src/tf_broadcaster.cpp:46:7:[m[K [01;31m[Kerror: [m[Kâ€˜[01m[Kmap_to_odom_tf[m[Kâ€™ was not declared in this scope; did you mean â€˜[01m[Kmap_to_path_tf[m[Kâ€™?
[2.366s]    46 |       [01;31m[Kmap_to_odom_tf[m[K = map_to_path.inverseTimes(map_to_odom);
[2.366s]       |       [01;31m[K^~~~~~~~~~~~~~[m[K
[2.366s]       |       [32m[Kmap_to_path_tf[m[K
[2.366s] [01m[K/home/samee/ros2ws/src/r_gator_gazebo_tool/src/tf_broadcaster.cpp:51:44:[m[K [01;31m[Kerror: [m[Kâ€˜[01m[KtoMsg[m[Kâ€™ is not a member of â€˜[01m[Ktf2_ros[m[Kâ€™
[2.367s]    51 |       map_to_odom_msg.transform = tf2_ros::[01;31m[KtoMsg[m[K(map_to_odom_tf);
[2.367s]       |                                            [01;31m[K^~~~~[m[K
[4.426s] gmake[2]: *** [CMakeFiles/r_gator_gazebo_tool.dir/build.make:76: CMakeFiles/r_gator_gazebo_tool.dir/src/tf_broadcaster.cpp.o] Error 1
[4.427s] gmake[1]: *** [CMakeFiles/Makefile2:141: CMakeFiles/r_gator_gazebo_tool.dir/all] Error 2
[4.427s] gmake: *** [Makefile:146: all] Error 2
[4.428s] Invoked command in '/home/samee/ros2ws/build/r_gator_gazebo_tool' returned '2': CMAKE_PREFIX_PATH=/opt/ros/humble:${CMAKE_PREFIX_PATH} /usr/local/bin/cmake --build /home/samee/ros2ws/build/r_gator_gazebo_tool -- -j12 -l12
