[ 16%] [32mBuilding CXX object CMakeFiles/gazebo_odom_publisher.dir/src/gazebo_odom_publisher.cpp.o[0m
[01m[K/home/samee/ros2ws/src/r-gator-simulator-2/r-gator-gazebo-tool-2/src/gazebo_odom_publisher.cpp:1:10:[m[K [01;31m[Kfatal error: [m[Krclcpp/rclcpp.h: No such file or directory
    1 | #include [01;31m[K"rclcpp/rclcpp.h"[m[K
      |          [01;31m[K^~~~~~~~~~~~~~~~~[m[K
compilation terminated.
[ 50%] Built target tf_broadcaster_node
gmake[2]: *** [CMakeFiles/gazebo_odom_publisher.dir/build.make:76: CMakeFiles/gazebo_odom_publisher.dir/src/gazebo_odom_publisher.cpp.o] Error 1
gmake[1]: *** [CMakeFiles/Makefile2:193: CMakeFiles/gazebo_odom_publisher.dir/all] Error 2
gmake[1]: *** Waiting for unfinished jobs....
[ 66%] [32mBuilding CXX object CMakeFiles/gazebo_odom_publisher_node.dir/src/gazebo_odom_publisher.cpp.o[0m
[01m[K/home/samee/ros2ws/src/r-gator-simulator-2/r-gator-gazebo-tool-2/src/gazebo_odom_publisher.cpp:1:10:[m[K [01;31m[Kfatal error: [m[Krclcpp/rclcpp.h: No such file or directory
    1 | #include [01;31m[K"rclcpp/rclcpp.h"[m[K
      |          [01;31m[K^~~~~~~~~~~~~~~~~[m[K
compilation terminated.
gmake[2]: *** [CMakeFiles/gazebo_odom_publisher_node.dir/build.make:76: CMakeFiles/gazebo_odom_publisher_node.dir/src/gazebo_odom_publisher.cpp.o] Error 1
gmake[1]: *** [CMakeFiles/Makefile2:141: CMakeFiles/gazebo_odom_publisher_node.dir/all] Error 2
gmake: *** [Makefile:146: all] Error 2
