[0.084s] Invoking command in '/home/samee/ros2ws/build/r_gator_teleop': /usr/local/bin/cmake --build /home/samee/ros2ws/build/r_gator_teleop -- -j12 -l12
[0.102s] -- Found ament_cmake: 1.3.5 (/opt/ros/humble/share/ament_cmake/cmake)
[0.426s] -- Found geometry_msgs: 4.2.3 (/opt/ros/humble/share/geometry_msgs/cmake)
[0.473s] -- Found rosidl_generator_c: 3.1.5 (/opt/ros/humble/share/rosidl_generator_c/cmake)
[0.477s] -- Found rosidl_adapter: 3.1.5 (/opt/ros/humble/share/rosidl_adapter/cmake)
[0.488s] -- Found rosidl_generator_cpp: 3.1.5 (/opt/ros/humble/share/rosidl_generator_cpp/cmake)
[0.510s] -- Using all available rosidl_typesupport_c: rosidl_typesupport_fastrtps_c;rosidl_typesupport_introspection_c
[0.542s] -- Using all available rosidl_typesupport_cpp: rosidl_typesupport_fastrtps_cpp;rosidl_typesupport_introspection_cpp
[0.763s] -- Found joy: 3.1.0 (/opt/ros/humble/share/joy/cmake)
[0.859s] -- Found rmw_implementation_cmake: 6.1.1 (/opt/ros/humble/share/rmw_implementation_cmake/cmake)
[0.862s] -- Found rmw_fastrtps_cpp: 6.2.4 (/opt/ros/humble/share/rmw_fastrtps_cpp/cmake)
[1.061s] -- Using RMW implementation 'rmw_fastrtps_cpp' as default
[1.576s] Error parsing '/home/samee/ros2ws/src/r_gator_teleop/package.xml':
[1.647s] Traceback (most recent call last):
[1.647s]   File "/usr/lib/python3/dist-packages/catkin_pkg/package.py", line 610, in parse_package_string
[1.647s]     root = dom.parseString(data)
[1.647s]   File "/usr/lib/python3.10/xml/dom/minidom.py", line 2000, in parseString
[1.648s]     return expatbuilder.parseString(string)
[1.648s]   File "/usr/lib/python3.10/xml/dom/expatbuilder.py", line 925, in parseString
[1.648s]     return builder.parseString(string)
[1.648s]   File "/usr/lib/python3.10/xml/dom/expatbuilder.py", line 223, in parseString
[1.648s]     parser.Parse(string, True)
[1.648s] xml.parsers.expat.ExpatError: mismatched tag: line 64, column 2
[1.648s] 
[1.648s] During handling of the above exception, another exception occurred:
[1.648s] 
[1.648s] Traceback (most recent call last):
[1.649s]   File "/opt/ros/humble/share/ament_cmake_core/cmake/core/package_xml_2_cmake.py", line 150, in <module>
[1.649s]     main()
[1.649s]   File "/opt/ros/humble/share/ament_cmake_core/cmake/core/package_xml_2_cmake.py", line 53, in main
[1.649s]     raise e
[1.649s]   File "/opt/ros/humble/share/ament_cmake_core/cmake/core/package_xml_2_cmake.py", line 49, in main
[1.649s]     package = parse_package_string(
[1.649s]   File "/usr/lib/python3/dist-packages/catkin_pkg/package.py", line 612, in parse_package_string
[1.649s]     raise InvalidPackage('The manifest contains invalid XML:\n%s' % ex, filename)
[1.649s] catkin_pkg.package.InvalidPackage: Error(s) in package '/home/samee/ros2ws/src/r_gator_teleop/package.xml':
[1.649s] The manifest contains invalid XML:
[1.649s] mismatched tag: line 64, column 2
[1.674s] [31mCMake Error at /opt/ros/humble/share/ament_cmake_core/cmake/core/ament_package_xml.cmake:95 (message):
[1.674s]   execute_process(/usr/bin/python3.10
[1.674s]   /opt/ros/humble/share/ament_cmake_core/cmake/core/package_xml_2_cmake.py
[1.674s]   /home/samee/ros2ws/src/r_gator_teleop/package.xml
[1.674s]   /home/samee/ros2ws/build/r_gator_teleop/ament_cmake_core/package.cmake)
[1.675s]   returned error code 1
[1.675s] Call Stack (most recent call first):
[1.675s]   /opt/ros/humble/share/ament_cmake_core/cmake/core/ament_package_xml.cmake:49 (_ament_package_xml)
[1.675s]   /opt/ros/humble/share/ament_cmake_core/cmake/core/ament_package.cmake:63 (ament_package_xml)
[1.675s]   CMakeLists.txt:28 (ament_package)
[1.675s] 
[1.675s] [0m
[1.675s] -- Configuring incomplete, errors occurred!
[1.689s] gmake: *** [Makefile:267: cmake_check_build_system] Error 1
[1.691s] Invoked command in '/home/samee/ros2ws/build/r_gator_teleop' returned '2': /usr/local/bin/cmake --build /home/samee/ros2ws/build/r_gator_teleop -- -j12 -l12
