[0.268s] Invoking command in '/home/samee/ros2ws/build/r-gator-gazebo-tool-2': /usr/local/bin/cmake --build /home/samee/ros2ws/build/r-gator-gazebo-tool-2 -- -j12 -l12
[0.284s] -- Found ament_cmake: 1.3.6 (/opt/ros/humble/share/ament_cmake/cmake)
[0.489s] -- Found ackermann_msgs: 2.0.2 (/opt/ros/humble/share/ackermann_msgs/cmake)
[0.526s] -- Found rosidl_generator_c: 3.1.5 (/opt/ros/humble/share/rosidl_generator_c/cmake)
[0.529s] -- Found rosidl_adapter: 3.1.5 (/opt/ros/humble/share/rosidl_adapter/cmake)
[0.538s] -- Found rosidl_generator_cpp: 3.1.5 (/opt/ros/humble/share/rosidl_generator_cpp/cmake)
[0.554s] -- Using all available rosidl_typesupport_c: rosidl_typesupport_fastrtps_c;rosidl_typesupport_introspection_c
[0.574s] -- Using all available rosidl_typesupport_cpp: rosidl_typesupport_fastrtps_cpp;rosidl_typesupport_introspection_cpp
[0.725s] -- Found rclcpp: 16.0.7 (/opt/ros/humble/share/rclcpp/cmake)
[0.785s] -- Found rmw_implementation_cmake: 6.1.1 (/opt/ros/humble/share/rmw_implementation_cmake/cmake)
[0.786s] -- Found rmw_fastrtps_cpp: 6.2.5 (/opt/ros/humble/share/rmw_fastrtps_cpp/cmake)
[0.937s] -- Using RMW implementation 'rmw_fastrtps_cpp' as default
[1.087s] -- Found tf2: 0.25.5 (/opt/ros/humble/share/tf2/cmake)
[1.154s] -- Found tf2_ros: 0.25.5 (/opt/ros/humble/share/tf2_ros/cmake)
[1.540s] -- Found gazebo_msgs: 3.7.0 (/opt/ros/humble/share/gazebo_msgs/cmake)
[1.769s] -- Found nav_msgs: 4.2.3 (/opt/ros/humble/share/nav_msgs/cmake)
[1.866s] -- Found tf2_geometry_msgs: 0.25.5 (/opt/ros/humble/share/tf2_geometry_msgs/cmake)
[1.871s] -- Found eigen3_cmake_module: 0.1.1 (/opt/ros/humble/share/eigen3_cmake_module/cmake)
[1.872s] -- Ensuring Eigen3 include directory is part of orocos-kdl CMake target
[1.934s] -- Configuring done (1.7s)
[1.949s] -- Generating done (0.0s)
[1.950s] -- Build files have been written to: /home/samee/ros2ws/build/r-gator-gazebo-tool-2
[1.970s] [ 50%] [32mBuilding CXX object CMakeFiles/r-gator-gazebo-tool-2_node.dir/src/gazebo_odom_publisher.cpp.o[0m
[1.970s] [ 50%] [32mBuilding CXX object CMakeFiles/tf_broadcaster_node.dir/src/tf_broadcaster.cpp.o[0m
[4.077s] [01m[K/home/samee/ros2ws/src/r-gator-simulator-2/r-gator-gazebo-tool-2/src/tf_broadcaster.cpp:34:23:[m[K [01;31m[Kerror: [m[Kâ€˜[01m[Knav_msgs[m[Kâ€™ does not name a type
[4.078s]    34 |     void setMap(const [01;31m[Knav_msgs[m[K::msg::OccupancyGrid::SharedPtr map)
[4.078s]       |                       [01;31m[K^~~~~~~~[m[K
[4.078s] [01m[K/home/samee/ros2ws/src/r-gator-simulator-2/r-gator-gazebo-tool-2/src/tf_broadcaster.cpp:34:36:[m[K [01;31m[Kerror: [m[Kexpected unqualified-id before â€˜[01m[K::[m[Kâ€™ token
[4.078s]    34 |     void setMap(const nav_msgs::msg[01;31m[K::[m[KOccupancyGrid::SharedPtr map)
[4.078s]       |                                    [01;31m[K^~[m[K
[4.078s] [01m[K/home/samee/ros2ws/src/r-gator-simulator-2/r-gator-gazebo-tool-2/src/tf_broadcaster.cpp:34:36:[m[K [01;31m[Kerror: [m[Kexpected â€˜[01m[K)[m[Kâ€™ before â€˜[01m[K::[m[Kâ€™ token
[4.078s]    34 |     void setMap[34m[K([m[Kconst nav_msgs::msg[01;31m[K:[m[K[32m[K:[m[KOccupancyGrid::SharedPtr map)
[4.078s]       |                [34m[K~[m[K                   [01;31m[K^[m[K[32m[K~[m[K
[4.078s]       |                                    [32m[K)[m[K
[4.078s] [01m[K/home/samee/ros2ws/src/r-gator-simulator-2/r-gator-gazebo-tool-2/src/tf_broadcaster.cpp:34:33:[m[K [01;31m[Kerror: [m[Kexpected â€˜[01m[K;[m[Kâ€™ at end of member declaration
[4.078s]    34 |     void setMap(const nav_msgs::[01;31m[Kmsg[m[K::OccupancyGrid::SharedPtr map)
[4.078s]       |                                 [01;31m[K^~~[m[K
[4.078s]       |                                    [32m[K;[m[K
[4.080s] [01m[K/home/samee/ros2ws/src/r-gator-simulator-2/r-gator-gazebo-tool-2/src/tf_broadcaster.cpp:34:38:[m[K [01;31m[Kerror: [m[Kâ€˜[01m[KOccupancyGrid[m[Kâ€™ in namespace â€˜[01m[K::[m[Kâ€™ does not name a type
[4.080s]    34 |     void setMap(const nav_msgs::msg::[01;31m[KOccupancyGrid[m[K::SharedPtr map)
[4.080s]       |                                      [01;31m[K^~~~~~~~~~~~~[m[K
[4.085s] [01m[K/home/samee/ros2ws/src/r-gator-simulator-2/r-gator-gazebo-tool-2/src/tf_broadcaster.cpp:71:26:[m[K [01;31m[Kerror: [m[Kâ€˜[01m[Knav_msgs[m[Kâ€™ was not declared in this scope
[4.085s]    71 |     rclcpp::Subscription<[01;31m[Knav_msgs[m[K::msg::OccupancyGrid>::SharedPtr sub_map_; ///< Subscription to the occupancy grid map.
[4.085s]       |                          [01;31m[K^~~~~~~~[m[K
[4.085s] [01m[K/home/samee/ros2ws/src/r-gator-simulator-2/r-gator-gazebo-tool-2/src/tf_broadcaster.cpp:71:54:[m[K [01;31m[Kerror: [m[Ktemplate argument 1 is invalid
[4.085s]    71 |     rclcpp::Subscription<nav_msgs::msg::OccupancyGrid[01;31m[K>[m[K::SharedPtr sub_map_; ///< Subscription to the occupancy grid map.
[4.085s]       |                                                      [01;31m[K^[m[K
[4.085s] [01m[K/home/samee/ros2ws/src/r-gator-simulator-2/r-gator-gazebo-tool-2/src/tf_broadcaster.cpp:71:54:[m[K [01;31m[Kerror: [m[Ktemplate argument 3 is invalid
[4.085s] [01m[K/home/samee/ros2ws/src/r-gator-simulator-2/r-gator-gazebo-tool-2/src/tf_broadcaster.cpp:71:54:[m[K [01;31m[Kerror: [m[Ktemplate argument 4 is invalid
[4.085s] [01m[K/home/samee/ros2ws/src/r-gator-simulator-2/r-gator-gazebo-tool-2/src/tf_broadcaster.cpp:71:54:[m[K [01;31m[Kerror: [m[Ktemplate argument 5 is invalid
[4.085s] [01m[K/home/samee/ros2ws/src/r-gator-simulator-2/r-gator-gazebo-tool-2/src/tf_broadcaster.cpp:71:57:[m[K [01;31m[Kerror: [m[Kexpected â€˜[01m[K;[m[Kâ€™ at end of member declaration
[4.085s]    71 |     rclcpp::Subscription<nav_msgs::msg::OccupancyGrid>::[01;31m[KSharedPtr[m[K sub_map_; ///< Subscription to the occupancy grid map.
[4.085s]       |                                                         [01;31m[K^~~~~~~~~[m[K
[4.085s]       |                                                                  [32m[K;[m[K
[4.086s] [01m[K/home/samee/ros2ws/src/r-gator-simulator-2/r-gator-gazebo-tool-2/src/tf_broadcaster.cpp:71:67:[m[K [01;31m[Kerror: [m[Kâ€˜[01m[Ksub_map_[m[Kâ€™ does not name a type
[4.086s]    71 |     rclcpp::Subscription<nav_msgs::msg::OccupancyGrid>::SharedPtr [01;31m[Ksub_map_[m[K; ///< Subscription to the occupancy grid map.
[4.086s]       |                                                                   [01;31m[K^~~~~~~~[m[K
[4.088s] [01m[K/home/samee/ros2ws/src/r-gator-simulator-2/r-gator-gazebo-tool-2/src/tf_broadcaster.cpp:72:5:[m[K [01;31m[Kerror: [m[Kâ€˜[01m[Knav_msgs[m[Kâ€™ does not name a type
[4.088s]    72 |     [01;31m[Knav_msgs[m[K::msg::OccupancyGrid::SharedPtr grid_; ///< Pointer to the occupancy grid map.
[4.088s]       |     [01;31m[K^~~~~~~~[m[K
[4.100s] [01m[K/home/samee/ros2ws/src/r-gator-simulator-2/r-gator-gazebo-tool-2/src/tf_broadcaster.cpp:[m[K In constructor â€˜[01m[KTfBroadcasterNode::TfBroadcasterNode()[m[Kâ€™:
[4.100s] [01m[K/home/samee/ros2ws/src/r-gator-simulator-2/r-gator-gazebo-tool-2/src/tf_broadcaster.cpp:26:9:[m[K [01;31m[Kerror: [m[Kâ€˜[01m[Ksub_map_[m[Kâ€™ was not declared in this scope
[4.100s]    26 |         [01;31m[Ksub_map_[m[K = this->create_subscription<nav_msgs::msg::OccupancyGrid>(
[4.100s]       |         [01;31m[K^~~~~~~~[m[K
[4.106s] [01m[K/home/samee/ros2ws/src/r-gator-simulator-2/r-gator-gazebo-tool-2/src/tf_broadcaster.cpp:26:46:[m[K [01;31m[Kerror: [m[Kâ€˜[01m[Knav_msgs[m[Kâ€™ was not declared in this scope
[4.106s]    26 |         sub_map_ = this->create_subscription<[01;31m[Knav_msgs[m[K::msg::OccupancyGrid>(
[4.106s]       |                                              [01;31m[K^~~~~~~~[m[K
[4.106s] [01m[K/home/samee/ros2ws/src/r-gator-simulator-2/r-gator-gazebo-tool-2/src/tf_broadcaster.cpp:26:26:[m[K [01;31m[Kerror: [m[Kparse error in template argument list
[4.106s]    26 |         sub_map_ = this->[01;31m[Kcreate_subscription<nav_msgs::msg::OccupancyGrid>[m[K(
[4.106s]       |                          [01;31m[K^~~~~~~~~~~~~~~~~~~~~~~~~~~~~~~~~~~~~~~~~~~~~~~~~[m[K
[4.110s] [01m[K/home/samee/ros2ws/src/r-gator-simulator-2/r-gator-gazebo-tool-2/src/tf_broadcaster.cpp:26:75:[m[K [01;31m[Kerror: [m[Kno matching function for call to â€˜[01m[KTfBroadcasterNode::create_subscription<<expression error> >(const char [9], int, std::_Bind_helper<false, void (TfBroadcasterNode::*)(...), TfBroadcasterNode*, const std::_Placeholder<1>&>::type)[m[Kâ€™
[4.110s]    26 |         sub_map_ = [01;31m[Kthis->create_subscription<nav_msgs::msg::OccupancyGrid>([m[K
[4.110s]       |                    [01;31m[K~~~~~~~~~~~~~~~~~~~~~~~~~~~~~~~~~~~~~~~~~~~~~~~~~~~~~~~^[m[K
[4.110s]    27 | [01;31m[K            "/occ_map", 1, std::bind(&TfBroadcasterNode::setMap, this, std::placeholders::_1))[m[K;
[4.110s]       |             [01;31m[K~~~~~~~~~~~~~~~~~~~~~~~~~~~~~~~~~~~~~~~~~~~~~~~~~~~~~~~~~~~~~~~~~~~~~~~~~~~~~~~~~~[m[K
[4.110s] In file included from [01m[K/opt/ros/humble/include/rclcpp/rclcpp/executors/single_threaded_executor.hpp:28[m[K,
[4.111s]                  from [01m[K/opt/ros/humble/include/rclcpp/rclcpp/executors.hpp:22[m[K,
[4.111s]                  from [01m[K/opt/ros/humble/include/rclcpp/rclcpp/rclcpp.hpp:155[m[K,
[4.111s]                  from [01m[K/home/samee/ros2ws/src/r-gator-simulator-2/r-gator-gazebo-tool-2/src/tf_broadcaster.cpp:6[m[K:
[4.111s] [01m[K/opt/ros/humble/include/rclcpp/rclcpp/node.hpp:219:3:[m[K [01;36m[Knote: [m[Kcandidate: â€˜[01m[Ktemplate<class MessageT, class CallbackT, class AllocatorT, class SubscriptionT, class MessageMemoryStrategyT> std::shared_ptr<ROSMessageT> rclcpp::Node::create_subscription(const string&, const rclcpp::QoS&, CallbackT&&, const rclcpp::SubscriptionOptionsWithAllocator<AllocatorT>&, typename MessageMemoryStrategyT::SharedPtr)[m[Kâ€™
[4.111s]   219 |   [01;36m[Kcreate_subscription[m[K(
[4.111s]       |   [01;36m[K^~~~~~~~~~~~~~~~~~~[m[K
[4.111s] [01m[K/opt/ros/humble/include/rclcpp/rclcpp/node.hpp:219:3:[m[K [01;36m[Knote: [m[K  template argument deduction/substitution failed:
[4.111s] [01m[K/home/samee/ros2ws/src/r-gator-simulator-2/r-gator-gazebo-tool-2/src/tf_broadcaster.cpp:26:75:[m[K [01;31m[Kerror: [m[Ktemplate argument 1 is invalid
[4.111s]    26 |         sub_map_ = [01;31m[Kthis->create_subscription<nav_msgs::msg::OccupancyGrid>([m[K
[4.111s]       |                    [01;31m[K~~~~~~~~~~~~~~~~~~~~~~~~~~~~~~~~~~~~~~~~~~~~~~~~~~~~~~~^[m[K
[4.111s]    27 | [01;31m[K            "/occ_map", 1, std::bind(&TfBroadcasterNode::setMap, this, std::placeholders::_1))[m[K;
[4.111s]       |             [01;31m[K~~~~~~~~~~~~~~~~~~~~~~~~~~~~~~~~~~~~~~~~~~~~~~~~~~~~~~~~~~~~~~~~~~~~~~~~~~~~~~~~~~[m[K
[4.115s] [01m[K/home/samee/ros2ws/src/r-gator-simulator-2/r-gator-gazebo-tool-2/src/tf_broadcaster.cpp:[m[K In member function â€˜[01m[Kvoid TfBroadcasterNode::publishTransforms()[m[Kâ€™:
[4.115s] [01m[K/home/samee/ros2ws/src/r-gator-simulator-2/r-gator-gazebo-tool-2/src/tf_broadcaster.cpp:45:13:[m[K [01;31m[Kerror: [m[Kâ€˜[01m[Kgrid_[m[Kâ€™ was not declared in this scope
[4.115s]    45 |         if ([01;31m[Kgrid_[m[K != nullptr)
[4.115s]       |             [01;31m[K^~~~~[m[K
[4.115s] [01m[K/home/samee/ros2ws/src/r-gator-simulator-2/r-gator-gazebo-tool-2/src/tf_broadcaster.cpp:49:18:[m[K [01;31m[Kerror: [m[Kâ€˜[01m[KTransform[m[Kâ€™ is not a member of â€˜[01m[Ktf2[m[Kâ€™; did you mean â€˜[01m[Kgeometry_msgs::msg::Transform[m[Kâ€™?
[4.116s]    49 |             tf2::[01;31m[KTransform[m[K tfTransform;
[4.116s]       |                  [01;31m[K^~~~~~~~~[m[K
[4.116s] In file included from [01m[K/opt/ros/humble/include/geometry_msgs/geometry_msgs/msg/detail/transform_stamped__struct.hpp:22[m[K,
[4.116s]                  from [01m[K/opt/ros/humble/include/geometry_msgs/geometry_msgs/msg/transform_stamped.hpp:7[m[K,
[4.116s]                  from [01m[K/opt/ros/humble/include/tf2_ros/tf2_ros/transform_broadcaster.h:42[m[K,
[4.116s]                  from [01m[K/home/samee/ros2ws/src/r-gator-simulator-2/r-gator-gazebo-tool-2/src/tf_broadcaster.cpp:7[m[K:
[4.116s] [01m[K/opt/ros/humble/include/geometry_msgs/geometry_msgs/msg/detail/transform__struct.hpp:135:7:[m[K [01;36m[Knote: [m[Kâ€˜[01m[Kgeometry_msgs::msg::Transform[m[Kâ€™ declared here
[4.116s]   135 | using [01;36m[KTransform[m[K =
[4.116s]       |       [01;36m[K^~~~~~~~~[m[K
[4.116s] [01m[K/home/samee/ros2ws/src/r-gator-simulator-2/r-gator-gazebo-tool-2/src/tf_broadcaster.cpp:50:18:[m[K [01;31m[Kerror: [m[Kâ€˜[01m[Kconvert[m[Kâ€™ is not a member of â€˜[01m[Ktf2[m[Kâ€™
[4.116s]    50 |             tf2::[01;31m[Kconvert[m[K(grid_->info.origin, tfTransform);
[4.116s]       |                  [01;31m[K^~~~~~~[m[K
[4.122s] [01m[K/home/samee/ros2ws/src/r-gator-simulator-2/r-gator-gazebo-tool-2/src/tf_broadcaster.cpp:50:46:[m[K [01;31m[Kerror: [m[Kâ€˜[01m[KtfTransform[m[Kâ€™ was not declared in this scope
[4.122s]    50 |             tf2::convert(grid_->info.origin, [01;31m[KtfTransform[m[K);
[4.122s]       |                                              [01;31m[K^~~~~~~~~~~[m[K
[4.123s] [01m[K/home/samee/ros2ws/src/r-gator-simulator-2/r-gator-gazebo-tool-2/src/tf_broadcaster.cpp:55:18:[m[K [01;31m[Kerror: [m[Kâ€˜[01m[Kconvert[m[Kâ€™ is not a member of â€˜[01m[Ktf2[m[Kâ€™
[4.123s]    55 |             tf2::[01;31m[Kconvert[m[K(tfTransform, odom_to_map.transform);
[4.123s]       |                  [01;31m[K^~~~~~~[m[K
[4.137s] [01m[K/home/samee/ros2ws/src/r-gator-simulator-2/r-gator-gazebo-tool-2/src/gazebo_odom_publisher.cpp:35:5:[m[K [01;31m[Kerror: [m[Kâ€˜[01m[Ktf2[m[Kâ€™ does not name a type
[4.138s]    35 |     [01;31m[Ktf2[m[K::Transform transform;
[4.138s]       |     [01;31m[K^~~[m[K
[4.138s] [01m[K/home/samee/ros2ws/src/r-gator-simulator-2/r-gator-gazebo-tool-2/src/gazebo_odom_publisher.cpp:36:5:[m[K [01;31m[Kerror: [m[Kâ€˜[01m[Ktf2[m[Kâ€™ does not name a type
[4.138s]    36 |     [01;31m[Ktf2[m[K::Quaternion quaternion;
[4.138s]       |     [01;31m[K^~~[m[K
[4.981s] gmake[2]: *** [CMakeFiles/tf_broadcaster_node.dir/build.make:76: CMakeFiles/tf_broadcaster_node.dir/src/tf_broadcaster.cpp.o] Error 1
[4.981s] gmake[1]: *** [CMakeFiles/Makefile2:165: CMakeFiles/tf_broadcaster_node.dir/all] Error 2
[4.981s] gmake[1]: *** Waiting for unfinished jobs....
[5.690s] gmake[2]: *** [CMakeFiles/r-gator-gazebo-tool-2_node.dir/build.make:76: CMakeFiles/r-gator-gazebo-tool-2_node.dir/src/gazebo_odom_publisher.cpp.o] Error 1
[5.690s] gmake[1]: *** [CMakeFiles/Makefile2:139: CMakeFiles/r-gator-gazebo-tool-2_node.dir/all] Error 2
[5.690s] gmake: *** [Makefile:146: all] Error 2
[5.692s] Invoked command in '/home/samee/ros2ws/build/r-gator-gazebo-tool-2' returned '2': /usr/local/bin/cmake --build /home/samee/ros2ws/build/r-gator-gazebo-tool-2 -- -j12 -l12
