-- Found ament_cmake: 1.3.6 (/opt/ros/humble/share/ament_cmake/cmake)
-- Found ackermann_msgs: 2.0.2 (/opt/ros/humble/share/ackermann_msgs/cmake)
-- Found rosidl_generator_c: 3.1.5 (/opt/ros/humble/share/rosidl_generator_c/cmake)
-- Found rosidl_adapter: 3.1.5 (/opt/ros/humble/share/rosidl_adapter/cmake)
-- Found rosidl_generator_cpp: 3.1.5 (/opt/ros/humble/share/rosidl_generator_cpp/cmake)
-- Using all available rosidl_typesupport_c: rosidl_typesupport_fastrtps_c;rosidl_typesupport_introspection_c
-- Using all available rosidl_typesupport_cpp: rosidl_typesupport_fastrtps_cpp;rosidl_typesupport_introspection_cpp
-- Found rclcpp: 16.0.7 (/opt/ros/humble/share/rclcpp/cmake)
-- Found rmw_implementation_cmake: 6.1.1 (/opt/ros/humble/share/rmw_implementation_cmake/cmake)
-- Found rmw_fastrtps_cpp: 6.2.5 (/opt/ros/humble/share/rmw_fastrtps_cpp/cmake)
-- Using RMW implementation 'rmw_fastrtps_cpp' as default
-- Found tf2: 0.25.5 (/opt/ros/humble/share/tf2/cmake)
-- Found tf2_ros: 0.25.5 (/opt/ros/humble/share/tf2_ros/cmake)
-- Found gazebo_msgs: 3.7.0 (/opt/ros/humble/share/gazebo_msgs/cmake)
-- Found nav_msgs: 4.2.3 (/opt/ros/humble/share/nav_msgs/cmake)
-- Found tf2_geometry_msgs: 0.25.5 (/opt/ros/humble/share/tf2_geometry_msgs/cmake)
-- Found eigen3_cmake_module: 0.1.1 (/opt/ros/humble/share/eigen3_cmake_module/cmake)
-- Ensuring Eigen3 include directory is part of orocos-kdl CMake target
-- Configuring done (1.5s)
-- Generating done (0.0s)
-- Build files have been written to: /home/samee/ros2ws/build/r-gator-gazebo-tool-2
[ 25%] [32mBuilding CXX object CMakeFiles/tf_broadcaster_node.dir/src/tf_broadcaster.cpp.o[0m
[ 50%] [32mBuilding CXX object CMakeFiles/r-gator-gazebo-tool-2_node.dir/src/gazebo_odom_publisher.cpp.o[0m
[01m[K/home/samee/ros2ws/src/r-gator-simulator-2/r-gator-gazebo-tool-2/src/gazebo_odom_publisher.cpp:7:10:[m[K [01;31m[Kfatal error: [m[Ktf2_geometry_msgs/tf2_geometry_msgs.h: No such file or directory
    7 | #include [01;31m[K<tf2_geometry_msgs/tf2_geometry_msgs.h>[m[K
      |          [01;31m[K^~~~~~~~~~~~~~~~~~~~~~~~~~~~~~~~~~~~~~~[m[K
compilation terminated.
gmake[2]: *** [CMakeFiles/r-gator-gazebo-tool-2_node.dir/build.make:76: CMakeFiles/r-gator-gazebo-tool-2_node.dir/src/gazebo_odom_publisher.cpp.o] Error 1
gmake[1]: *** [CMakeFiles/Makefile2:139: CMakeFiles/r-gator-gazebo-tool-2_node.dir/all] Error 2
gmake[1]: *** Waiting for unfinished jobs....
[01m[K/home/samee/ros2ws/src/r-gator-simulator-2/r-gator-gazebo-tool-2/src/tf_broadcaster.cpp:[m[K In member function â€˜[01m[Kvoid TfBroadcasterNode::publishTransforms()[m[Kâ€™:
[01m[K/home/samee/ros2ws/src/r-gator-simulator-2/r-gator-gazebo-tool-2/src/tf_broadcaster.cpp:49:18:[m[K [01;31m[Kerror: [m[Kâ€˜[01m[KTransform[m[Kâ€™ is not a member of â€˜[01m[Ktf2[m[Kâ€™; did you mean â€˜[01m[Kgeometry_msgs::msg::Transform[m[Kâ€™?
   49 |             tf2::[01;31m[KTransform[m[K tfTransform;
      |                  [01;31m[K^~~~~~~~~[m[K
In file included from [01m[K/opt/ros/humble/include/geometry_msgs/geometry_msgs/msg/detail/transform_stamped__struct.hpp:22[m[K,
                 from [01m[K/opt/ros/humble/include/geometry_msgs/geometry_msgs/msg/transform_stamped.hpp:7[m[K,
                 from [01m[K/opt/ros/humble/include/tf2_ros/tf2_ros/transform_broadcaster.h:42[m[K,
                 from [01m[K/home/samee/ros2ws/src/r-gator-simulator-2/r-gator-gazebo-tool-2/src/tf_broadcaster.cpp:7[m[K:
[01m[K/opt/ros/humble/include/geometry_msgs/geometry_msgs/msg/detail/transform__struct.hpp:135:7:[m[K [01;36m[Knote: [m[Kâ€˜[01m[Kgeometry_msgs::msg::Transform[m[Kâ€™ declared here
  135 | using [01;36m[KTransform[m[K =
      |       [01;36m[K^~~~~~~~~[m[K
[01m[K/home/samee/ros2ws/src/r-gator-simulator-2/r-gator-gazebo-tool-2/src/tf_broadcaster.cpp:50:18:[m[K [01;31m[Kerror: [m[Kâ€˜[01m[Kconvert[m[Kâ€™ is not a member of â€˜[01m[Ktf2[m[Kâ€™
   50 |             tf2::[01;31m[Kconvert[m[K(grid_->info.origin, tfTransform);
      |                  [01;31m[K^~~~~~~[m[K
[01m[K/home/samee/ros2ws/src/r-gator-simulator-2/r-gator-gazebo-tool-2/src/tf_broadcaster.cpp:50:46:[m[K [01;31m[Kerror: [m[Kâ€˜[01m[KtfTransform[m[Kâ€™ was not declared in this scope
   50 |             tf2::convert(grid_->info.origin, [01;31m[KtfTransform[m[K);
      |                                              [01;31m[K^~~~~~~~~~~[m[K
[01m[K/home/samee/ros2ws/src/r-gator-simulator-2/r-gator-gazebo-tool-2/src/tf_broadcaster.cpp:55:18:[m[K [01;31m[Kerror: [m[Kâ€˜[01m[Kconvert[m[Kâ€™ is not a member of â€˜[01m[Ktf2[m[Kâ€™
   55 |             tf2::[01;31m[Kconvert[m[K(tfTransform, odom_to_map.transform);
      |                  [01;31m[K^~~~~~~[m[K
gmake[2]: *** [CMakeFiles/tf_broadcaster_node.dir/build.make:76: CMakeFiles/tf_broadcaster_node.dir/src/tf_broadcaster.cpp.o] Error 1
gmake[1]: *** [CMakeFiles/Makefile2:165: CMakeFiles/tf_broadcaster_node.dir/all] Error 2
gmake: *** [Makefile:146: all] Error 2
