[0.980s] Invoking command in '/home/samee/ros2ws/build/r_gator_teleop': CMAKE_PREFIX_PATH=${CMAKE_PREFIX_PATH}:/opt/ros/humble /usr/local/bin/cmake --build /home/samee/ros2ws/build/r_gator_teleop -- -j12 -l12
[0.990s] [ 50%] [32mBuilding CXX object CMakeFiles/r_gator_teleop.dir/src/r_gator_teleop.cpp.o[0m
[1.148s] [01m[K/home/samee/ros2ws/src/r_gator_teleop/src/r_gator_teleop.cpp:2:10:[m[K [01;31m[Kfatal error: [m[Kgeometry_msgs/msg/Twist.hpp: No such file or directory
[1.148s]     2 | #include [01;31m[K"geometry_msgs/msg/Twist.hpp"[m[K
[1.149s]       |          [01;31m[K^~~~~~~~~~~~~~~~~~~~~~~~~~~~~[m[K
[1.149s] compilation terminated.
[1.161s] gmake[2]: *** [CMakeFiles/r_gator_teleop.dir/build.make:76: CMakeFiles/r_gator_teleop.dir/src/r_gator_teleop.cpp.o] Error 1
[1.161s] gmake[1]: *** [CMakeFiles/Makefile2:137: CMakeFiles/r_gator_teleop.dir/all] Error 2
[1.161s] gmake: *** [Makefile:146: all] Error 2
[1.272s] Invoked command in '/home/samee/ros2ws/build/r_gator_teleop' returned '2': CMAKE_PREFIX_PATH=${CMAKE_PREFIX_PATH}:/opt/ros/humble /usr/local/bin/cmake --build /home/samee/ros2ws/build/r_gator_teleop -- -j12 -l12
