[3.644s] Invoking command in '/home/samee/ros2ws/build/r_gator_teleop': /usr/local/bin/cmake --build /home/samee/ros2ws/build/r_gator_teleop -- -j12 -l12
[3.753s] [ 50%] [32mBuilding CXX object CMakeFiles/r_gator_teleop.dir/src/r_gator_teleop.cpp.o[0m
[14.846s] [01m[K/home/samee/ros2ws/src/r_gator_teleop/src/r_gator_teleop.cpp:12:38:[m[K [01;31m[Kerror: [m[Kâ€˜[01m[KJoy[m[Kâ€™ in namespace â€˜[01m[Ksensor_msgs[m[Kâ€™ does not name a type
[14.846s]    12 |     void callback(const sensor_msgs::[01;31m[KJoy[m[K::ConstPtr &joy);
[14.847s]       |                                      [01;31m[K^~~[m[K
[14.847s] [01m[K/home/samee/ros2ws/src/r_gator_teleop/src/r_gator_teleop.cpp:12:52:[m[K [01;31m[Kerror: [m[Kexpected unqualified-id before â€˜[01m[K&[m[Kâ€™ token
[14.847s]    12 |     void callback(const sensor_msgs::Joy::ConstPtr [01;31m[K&[m[Kjoy);
[14.847s]       |                                                    [01;31m[K^[m[K
[14.848s] [01m[K/home/samee/ros2ws/src/r_gator_teleop/src/r_gator_teleop.cpp:12:51:[m[K [01;31m[Kerror: [m[Kexpected â€˜[01m[K)[m[Kâ€™ before â€˜[01m[K&[m[Kâ€™ token
[14.848s]    12 |     void callback[34m[K([m[Kconst sensor_msgs::Joy::ConstPtr[01;31m[K [m[K[32m[K&[m[Kjoy);
[14.848s]       |                  [34m[K~[m[K                                [01;31m[K^[m[K[32m[K~[m[K
[14.849s]       |                                                   [32m[K)[m[K
[14.849s] [01m[K/home/samee/ros2ws/src/r_gator_teleop/src/r_gator_teleop.cpp:12:52:[m[K [01;31m[Kerror: [m[Kexpected â€˜[01m[K;[m[Kâ€™ at end of member declaration
[14.849s]    12 |     void callback(const sensor_msgs::Joy::ConstPtr [01;31m[K&[m[Kjoy);
[14.850s]       |                                                    [01;31m[K^[m[K
[14.851s]       |                                                     [32m[K;[m[K
[14.851s] [01m[K/home/samee/ros2ws/src/r_gator_teleop/src/r_gator_teleop.cpp:12:53:[m[K [01;31m[Kerror: [m[Kâ€˜[01m[Kjoy[m[Kâ€™ does not name a type
[14.852s]    12 |     void callback(const sensor_msgs::Joy::ConstPtr &[01;31m[Kjoy[m[K);
[14.852s]       |                                                     [01;31m[K^~~[m[K
[14.852s] [01m[K/home/samee/ros2ws/src/r_gator_teleop/src/r_gator_teleop.cpp:15:5:[m[K [01;31m[Kerror: [m[Knon-static data member declared with placeholder â€˜[01m[Kauto[m[Kâ€™
[14.853s]    15 |     [01;31m[Kauto[m[K node = rclcpp::Node::make_shared
[14.853s]       |     [01;31m[K^~~~[m[K
[14.855s] [01m[K/home/samee/ros2ws/src/r_gator_teleop/src/r_gator_teleop.cpp:19:5:[m[K [01;31m[Kerror: [m[Kâ€˜[01m[Kros[m[Kâ€™ does not name a type
[14.855s]    19 |     [01;31m[Kros[m[K::Publisher pub;
[14.856s]       |     [01;31m[K^~~[m[K
[14.875s] [01m[K/home/samee/ros2ws/src/r_gator_teleop/src/r_gator_teleop.cpp:[m[K In constructor â€˜[01m[KTeleopTurtle::TeleopTurtle()[m[Kâ€™:
[14.875s] [01m[K/home/samee/ros2ws/src/r_gator_teleop/src/r_gator_teleop.cpp:27:5:[m[K [01;31m[Kerror: [m[Kâ€˜[01m[Knh[m[Kâ€™ was not declared in this scope
[14.875s]    27 |     [01;31m[Knh[m[K.param<int>("axis_linear", axis_linear, 1);
[14.876s]       |     [01;31m[K^~[m[K
[14.876s] [01m[K/home/samee/ros2ws/src/r_gator_teleop/src/r_gator_teleop.cpp:27:14:[m[K [01;31m[Kerror: [m[Kexpected primary-expression before â€˜[01m[Kint[m[Kâ€™
[14.876s]    27 |     nh.param<[01;31m[Kint[m[K>("axis_linear", axis_linear, 1);
[14.876s]       |              [01;31m[K^~~[m[K
[14.877s] [01m[K/home/samee/ros2ws/src/r_gator_teleop/src/r_gator_teleop.cpp:28:14:[m[K [01;31m[Kerror: [m[Kexpected primary-expression before â€˜[01m[Kint[m[Kâ€™
[14.877s]    28 |     nh.param<[01;31m[Kint[m[K>("axis_angular", axis_angular, 2);
[14.877s]       |              [01;31m[K^~~[m[K
[14.894s] [01m[K/home/samee/ros2ws/src/r_gator_teleop/src/r_gator_teleop.cpp:30:5:[m[K [01;31m[Kerror: [m[Kâ€˜[01m[Kpub[m[Kâ€™ was not declared in this scope
[14.894s]    30 |     [01;31m[Kpub[m[K = nh.advertise<geometry_msgs::Twist>("/cmd_vel", 1);
[14.895s]       |     [01;31m[K^~~[m[K
[14.896s] [01m[K/home/samee/ros2ws/src/r_gator_teleop/src/r_gator_teleop.cpp:30:39:[m[K [01;31m[Kerror: [m[Kâ€˜[01m[KTwist[m[Kâ€™ is not a member of â€˜[01m[Kgeometry_msgs[m[Kâ€™; did you mean â€˜[01m[Kgeometry_msgs::msg::Twist[m[Kâ€™?
[14.896s]    30 |     pub = nh.advertise<geometry_msgs::[01;31m[KTwist[m[K>("/cmd_vel", 1);
[14.896s]       |                                       [01;31m[K^~~~~[m[K
[14.897s] In file included from [01m[K/opt/ros/humble/include/geometry_msgs/geometry_msgs/msg/twist.hpp:7[m[K,
[14.897s]                  from [01m[K/home/samee/ros2ws/src/r_gator_teleop/src/r_gator_teleop.cpp:2[m[K:
[14.897s] [01m[K/opt/ros/humble/include/geometry_msgs/geometry_msgs/msg/detail/twist__struct.hpp:134:7:[m[K [01;36m[Knote: [m[Kâ€˜[01m[Kgeometry_msgs::msg::Twist[m[Kâ€™ declared here
[14.897s]   134 | using [01;36m[KTwist[m[K =
[14.898s]       |       [01;36m[K^~~~~[m[K
[14.898s] [01m[K/home/samee/ros2ws/src/r_gator_teleop/src/r_gator_teleop.cpp:30:46:[m[K [01;35m[Kwarning: [m[Kleft operand of comma operator has no effect [[01;35m[K]8;;https://gcc.gnu.org/onlinedocs/gcc/Warning-Options.html#index-Wunused-value-Wunused-value]8;;[m[K]
[14.898s]    30 |     pub = nh.advertise<geometry_msgs::Twist>([01;35m[K"/cmd_vel"[m[K, 1);
[14.898s]       |                                              [01;35m[K^~~~~~~~~~[m[K
[14.914s] [01m[K/home/samee/ros2ws/src/r_gator_teleop/src/r_gator_teleop.cpp:31:5:[m[K [01;31m[Kerror: [m[Kâ€˜[01m[Ksub[m[Kâ€™ was not declared in this scope; did you mean â€˜[01m[Kfsub[m[Kâ€™?
[14.915s]    31 |     [01;31m[Ksub[m[K = nh.subscribe<sensor_msgs::Joy>("joy", 10, &TeleopTurtle::callback, this);
[14.915s]       |     [01;31m[K^~~[m[K
[14.916s]       |     [32m[Kfsub[m[K
[14.917s] [01m[K/home/samee/ros2ws/src/r_gator_teleop/src/r_gator_teleop.cpp:31:37:[m[K [01;31m[Kerror: [m[Kâ€˜[01m[KJoy[m[Kâ€™ is not a member of â€˜[01m[Ksensor_msgs[m[Kâ€™; did you mean â€˜[01m[Ksensor_msgs::msg::Joy[m[Kâ€™?
[14.918s]    31 |     sub = nh.subscribe<sensor_msgs::[01;31m[KJoy[m[K>("joy", 10, &TeleopTurtle::callback, this);
[14.918s]       |                                     [01;31m[K^~~[m[K
[14.918s] In file included from [01m[K/opt/ros/humble/include/sensor_msgs/sensor_msgs/msg/joy.hpp:7[m[K,
[14.919s]                  from [01m[K/home/samee/ros2ws/src/r_gator_teleop/src/r_gator_teleop.cpp:3[m[K:
[14.919s] [01m[K/opt/ros/humble/include/sensor_msgs/sensor_msgs/msg/detail/joy__struct.hpp:143:7:[m[K [01;36m[Knote: [m[Kâ€˜[01m[Ksensor_msgs::msg::Joy[m[Kâ€™ declared here
[14.919s]   143 | using [01;36m[KJoy[m[K =
[14.919s]       |       [01;36m[K^~~[m[K
[14.920s] [01m[K/home/samee/ros2ws/src/r_gator_teleop/src/r_gator_teleop.cpp:31:42:[m[K [01;35m[Kwarning: [m[Kleft operand of comma operator has no effect [[01;35m[K]8;;https://gcc.gnu.org/onlinedocs/gcc/Warning-Options.html#index-Wunused-value-Wunused-value]8;;[m[K]
[14.920s]    31 |     sub = nh.subscribe<sensor_msgs::Joy>([01;35m[K"joy"[m[K, 10, &TeleopTurtle::callback, this);
[14.920s]       |                                          [01;35m[K^~~~~[m[K
[14.921s] [01m[K/home/samee/ros2ws/src/r_gator_teleop/src/r_gator_teleop.cpp:31:68:[m[K [01;35m[Kwarning: [m[Kright operand of comma operator has no effect [[01;35m[K]8;;https://gcc.gnu.org/onlinedocs/gcc/Warning-Options.html#index-Wunused-value-Wunused-value]8;;[m[K]
[14.921s]    31 |     sub = nh.subscribe<sensor_msgs::Joy>("joy", 10, &TeleopTurtle::[01;35m[Kcallback[m[K, this);
[14.921s]       |                                                                    [01;35m[K^~~~~~~~[m[K
[14.922s] [01m[K/home/samee/ros2ws/src/r_gator_teleop/src/r_gator_teleop.cpp:31:78:[m[K [01;35m[Kwarning: [m[Kright operand of comma operator has no effect [[01;35m[K]8;;https://gcc.gnu.org/onlinedocs/gcc/Warning-Options.html#index-Wunused-value-Wunused-value]8;;[m[K]
[14.922s]    31 |     sub = nh.subscribe<sensor_msgs::Joy>("joy", 10, &TeleopTurtle::callback, [01;35m[Kthis[m[K);
[14.922s]       |                                                                              [01;35m[K^~~~[m[K
[14.922s] [01m[K/home/samee/ros2ws/src/r_gator_teleop/src/r_gator_teleop.cpp:[m[K At global scope:
[14.922s] [01m[K/home/samee/ros2ws/src/r_gator_teleop/src/r_gator_teleop.cpp:34:48:[m[K [01;31m[Kerror: [m[Kâ€˜[01m[KJoy[m[Kâ€™ in namespace â€˜[01m[Ksensor_msgs[m[Kâ€™ does not name a type
[14.923s]    34 | void TeleopTurtle::callback(const sensor_msgs::[01;31m[KJoy[m[K::ConstPtr &joy)
[14.923s]       |                                                [01;31m[K^~~[m[K
[14.923s] [01m[K/home/samee/ros2ws/src/r_gator_teleop/src/r_gator_teleop.cpp:34:62:[m[K [01;31m[Kerror: [m[Kexpected unqualified-id before â€˜[01m[K&[m[Kâ€™ token
[14.923s]    34 | void TeleopTurtle::callback(const sensor_msgs::Joy::ConstPtr [01;31m[K&[m[Kjoy)
[14.924s]       |                                                              [01;31m[K^[m[K
[14.924s] [01m[K/home/samee/ros2ws/src/r_gator_teleop/src/r_gator_teleop.cpp:34:61:[m[K [01;31m[Kerror: [m[Kexpected â€˜[01m[K)[m[Kâ€™ before â€˜[01m[K&[m[Kâ€™ token
[14.925s]    34 | void TeleopTurtle::callback[34m[K([m[Kconst sensor_msgs::Joy::ConstPtr[01;31m[K [m[K[32m[K&[m[Kjoy)
[14.925s]       |                            [34m[K~[m[K                                [01;31m[K^[m[K[32m[K~[m[K
[14.925s]       |                                                             [32m[K)[m[K
[14.926s] [01m[K/home/samee/ros2ws/src/r_gator_teleop/src/r_gator_teleop.cpp:34:63:[m[K [01;31m[Kerror: [m[Kexpected initializer before â€˜[01m[Kjoy[m[Kâ€™
[14.926s]    34 | void TeleopTurtle::callback(const sensor_msgs::Joy::ConstPtr &[01;31m[Kjoy[m[K)
[14.926s]       |                                                               [01;31m[K^~~[m[K
[14.926s] [01m[K/home/samee/ros2ws/src/r_gator_teleop/src/r_gator_teleop.cpp:[m[K In function â€˜[01m[Kint main(int, char**)[m[Kâ€™:
[14.926s] [01m[K/home/samee/ros2ws/src/r_gator_teleop/src/r_gator_teleop.cpp:53:17:[m[K [01;31m[Kerror: [m[Kno matching function for call to â€˜[01m[Kspin()[m[Kâ€™
[14.927s]    53 |     [01;31m[Krclcpp::spin()[m[K;
[14.927s]       |     [01;31m[K~~~~~~~~~~~~^~[m[K
[14.927s] In file included from [01m[K/opt/ros/humble/include/rclcpp/rclcpp/rclcpp.hpp:155[m[K,
[14.927s]                  from [01m[K/home/samee/ros2ws/src/r_gator_teleop/src/r_gator_teleop.cpp:1[m[K:
[14.928s] [01m[K/opt/ros/humble/include/rclcpp/rclcpp/executors.hpp:45:1:[m[K [01;36m[Knote: [m[Kcandidate: â€˜[01m[Kvoid rclcpp::spin(rclcpp::node_interfaces::NodeBaseInterface::SharedPtr)[m[Kâ€™
[14.928s]    45 | [01;36m[Kspin[m[K(rclcpp::node_interfaces::NodeBaseInterface::SharedPtr node_ptr);
[14.928s]       | [01;36m[K^~~~[m[K
[14.928s] [01m[K/opt/ros/humble/include/rclcpp/rclcpp/executors.hpp:45:1:[m[K [01;36m[Knote: [m[K  candidate expects 1 argument, 0 provided
[14.929s] [01m[K/opt/ros/humble/include/rclcpp/rclcpp/executors.hpp:49:1:[m[K [01;36m[Knote: [m[Kcandidate: â€˜[01m[Kvoid rclcpp::spin(rclcpp::Node::SharedPtr)[m[Kâ€™
[14.929s]    49 | [01;36m[Kspin[m[K(rclcpp::Node::SharedPtr node_ptr);
[14.929s]       | [01;36m[K^~~~[m[K
[14.929s] [01m[K/opt/ros/humble/include/rclcpp/rclcpp/executors.hpp:49:1:[m[K [01;36m[Knote: [m[K  candidate expects 1 argument, 0 provided
[16.931s] gmake[2]: *** [CMakeFiles/r_gator_teleop.dir/build.make:76: CMakeFiles/r_gator_teleop.dir/src/r_gator_teleop.cpp.o] Error 1
[16.931s] gmake[1]: *** [CMakeFiles/Makefile2:137: CMakeFiles/r_gator_teleop.dir/all] Error 2
[16.932s] gmake: *** [Makefile:146: all] Error 2
