[0.298s] Invoking command in '/home/samee/ros2ws/build/r_gator_gazebo_tool': CMAKE_PREFIX_PATH=/opt/ros/humble:${CMAKE_PREFIX_PATH} /usr/local/bin/cmake /home/samee/ros2ws/src/r_gator_gazebo_tool -DCMAKE_INSTALL_PREFIX=/home/samee/ros2ws/install/r_gator_gazebo_tool
[0.305s] -- Found ament_cmake: 1.3.5 (/opt/ros/humble/share/ament_cmake/cmake)
[0.591s] -- Configuring done (0.3s)
[0.595s] -- Generating done (0.0s)
[0.596s] -- Build files have been written to: /home/samee/ros2ws/build/r_gator_gazebo_tool
[1.000s] Invoked command in '/home/samee/ros2ws/build/r_gator_gazebo_tool' returned '0': CMAKE_PREFIX_PATH=/opt/ros/humble:${CMAKE_PREFIX_PATH} /usr/local/bin/cmake /home/samee/ros2ws/src/r_gator_gazebo_tool -DCMAKE_INSTALL_PREFIX=/home/samee/ros2ws/install/r_gator_gazebo_tool
[1.001s] Invoking command in '/home/samee/ros2ws/build/r_gator_gazebo_tool': CMAKE_PREFIX_PATH=/opt/ros/humble:${CMAKE_PREFIX_PATH} /usr/local/bin/cmake --build /home/samee/ros2ws/build/r_gator_gazebo_tool -- -j12 -l12
[1.075s] [ 50%] [32mBuilding CXX object CMakeFiles/tf_broadcaster_node.dir/src/tf_broadcaster.cpp.o[0m
[1.075s] [ 50%] [32mBuilding CXX object CMakeFiles/r_gator_gazebo_tool_node.dir/src/gazebo_odom_publisher.cpp.o[0m
[1.076s] [01m[K/home/samee/ros2ws/src/r_gator_gazebo_tool/src/gazebo_odom_publisher.cpp:1:10:[m[K [01;31m[Kfatal error: [m[Krclcpp/rclcpp.hpp: No such file or directory
[1.076s]     1 | #include [01;31m[K"rclcpp/rclcpp.hpp"[m[K
[1.076s]       |          [01;31m[K^~~~~~~~~~~~~~~~~~~[m[K
[1.076s] compilation terminated.
[1.076s] [01m[K/home/samee/ros2ws/src/r_gator_gazebo_tool/src/tf_broadcaster.cpp:1:10:[m[K [01;31m[Kfatal error: [m[Krclcpp/rclcpp.hpp: No such file or directory
[1.076s]     1 | #include [01;31m[K"rclcpp/rclcpp.hpp"[m[K
[1.076s]       |          [01;31m[K^~~~~~~~~~~~~~~~~~~[m[K
[1.077s] compilation terminated.
[1.077s] gmake[2]: *** [CMakeFiles/r_gator_gazebo_tool_node.dir/build.make:76: CMakeFiles/r_gator_gazebo_tool_node.dir/src/gazebo_odom_publisher.cpp.o] Error 1
[1.077s] gmake[2]: *** [CMakeFiles/tf_broadcaster_node.dir/build.make:76: CMakeFiles/tf_broadcaster_node.dir/src/tf_broadcaster.cpp.o] Error 1
[1.077s] gmake[1]: *** [CMakeFiles/Makefile2:165: CMakeFiles/tf_broadcaster_node.dir/all] Error 2
[1.077s] gmake[1]: *** Waiting for unfinished jobs....
[1.077s] gmake[1]: *** [CMakeFiles/Makefile2:139: CMakeFiles/r_gator_gazebo_tool_node.dir/all] Error 2
[1.077s] gmake: *** [Makefile:146: all] Error 2
[1.160s] Invoked command in '/home/samee/ros2ws/build/r_gator_gazebo_tool' returned '2': CMAKE_PREFIX_PATH=/opt/ros/humble:${CMAKE_PREFIX_PATH} /usr/local/bin/cmake --build /home/samee/ros2ws/build/r_gator_gazebo_tool -- -j12 -l12
