[1.055s] Invoking command in '/home/samee/ros2ws/build/r_gator_teleop': CMAKE_PREFIX_PATH=${CMAKE_PREFIX_PATH}:/opt/ros/humble /usr/local/bin/cmake --build /home/samee/ros2ws/build/r_gator_teleop -- -j12 -l12
[1.066s] -- Found ament_cmake: 1.3.5 (/opt/ros/humble/share/ament_cmake/cmake)
[1.265s] -- Found rclcpp: 16.0.6 (/opt/ros/humble/share/rclcpp/cmake)
[1.299s] -- Found rosidl_generator_c: 3.1.5 (/opt/ros/humble/share/rosidl_generator_c/cmake)
[1.302s] -- Found rosidl_adapter: 3.1.5 (/opt/ros/humble/share/rosidl_adapter/cmake)
[1.311s] -- Found rosidl_generator_cpp: 3.1.5 (/opt/ros/humble/share/rosidl_generator_cpp/cmake)
[1.326s] -- Using all available rosidl_typesupport_c: rosidl_typesupport_fastrtps_c;rosidl_typesupport_introspection_c
[1.345s] -- Using all available rosidl_typesupport_cpp: rosidl_typesupport_fastrtps_cpp;rosidl_typesupport_introspection_cpp
[1.418s] -- Found rmw_implementation_cmake: 6.1.1 (/opt/ros/humble/share/rmw_implementation_cmake/cmake)
[1.420s] -- Found rmw_fastrtps_cpp: 6.2.4 (/opt/ros/humble/share/rmw_fastrtps_cpp/cmake)
[1.559s] -- Using RMW implementation 'rmw_fastrtps_cpp' as default
[1.776s] -- Found sensor_msgs: 4.2.3 (/opt/ros/humble/share/sensor_msgs/cmake)
[2.011s] -- Configuring done (0.9s)
[2.023s] -- Generating done (0.0s)
[2.024s] -- Build files have been written to: /home/samee/ros2ws/build/r_gator_teleop
[2.042s] [ 50%] [32mBuilding CXX object CMakeFiles/r_gator_teleop.dir/src/r_gator_teleop.cpp.o[0m
[2.240s] [01m[K/home/samee/ros2ws/src/r_gator_teleop/src/r_gator_teleop.cpp:2:10:[m[K [01;31m[Kfatal error: [m[Kgeometry_msgs/msg/Twist.hpp: No such file or directory
[2.240s]     2 | #include [01;31m[K"geometry_msgs/msg/Twist.hpp"[m[K
[2.240s]       |          [01;31m[K^~~~~~~~~~~~~~~~~~~~~~~~~~~~~[m[K
[2.240s] compilation terminated.
[2.243s] gmake[2]: *** [CMakeFiles/r_gator_teleop.dir/build.make:76: CMakeFiles/r_gator_teleop.dir/src/r_gator_teleop.cpp.o] Error 1
[2.243s] gmake[1]: *** [CMakeFiles/Makefile2:137: CMakeFiles/r_gator_teleop.dir/all] Error 2
[2.243s] gmake: *** [Makefile:146: all] Error 2
