[0.285s] Invoking command in '/home/samee/ros2ws/build/r_gator_gazebo_tool': CMAKE_PREFIX_PATH=/opt/ros/humble:${CMAKE_PREFIX_PATH} /usr/local/bin/cmake --build /home/samee/ros2ws/build/r_gator_gazebo_tool -- -j12 -l12
[0.297s] -- Found ament_cmake: 1.3.5 (/opt/ros/humble/share/ament_cmake/cmake)
[0.559s] -- Configuring done (0.3s)
[0.563s] -- Generating done (0.0s)
[0.564s] -- Build files have been written to: /home/samee/ros2ws/build/r_gator_gazebo_tool
[0.573s] [ 14%] [32mBuilding CXX object CMakeFiles/r_gator_gazebo_tool.dir/src/tf_broadcaster.cpp.o[0m
[0.573s] [ 42%] [32mBuilding CXX object CMakeFiles/r_gator_gazebo_tool_node.dir/src/gazebo_odom_publisher.cpp.o[0m
[0.573s] [ 57%] [32mBuilding CXX object CMakeFiles/r_gator_gazebo_tool.dir/src/gazebo_odom_publisher.cpp.o[0m
[0.574s] [ 57%] [32mBuilding CXX object CMakeFiles/tf_broadcaster_node.dir/src/tf_broadcaster.cpp.o[0m
[0.579s] [01m[K/home/samee/ros2ws/src/r_gator_gazebo_tool/src/gazebo_odom_publisher.cpp:1:10:[m[K [01;31m[Kfatal error: [m[Krclcpp/rclcpp.hpp: No such file or directory
[0.579s]     1 | #include [01;31m[K"rclcpp/rclcpp.hpp"[m[K
[0.579s]       |          [01;31m[K^~~~~~~~~~~~~~~~~~~[m[K
[0.579s] compilation terminated.
[0.579s] [01m[K/home/samee/ros2ws/src/r_gator_gazebo_tool/src/gazebo_odom_publisher.cpp:1:10:[m[K [01;31m[Kfatal error: [m[Krclcpp/rclcpp.hpp: No such file or directory
[0.580s]     1 | #include [01;31m[K"rclcpp/rclcpp.hpp"[m[K
[0.580s]       |          [01;31m[K^~~~~~~~~~~~~~~~~~~[m[K
[0.580s] compilation terminated.
[0.580s] gmake[2]: *** [CMakeFiles/r_gator_gazebo_tool_node.dir/build.make:76: CMakeFiles/r_gator_gazebo_tool_node.dir/src/gazebo_odom_publisher.cpp.o] Error 1
[0.580s] gmake[1]: *** [CMakeFiles/Makefile2:167: CMakeFiles/r_gator_gazebo_tool_node.dir/all] Error 2
[0.581s] gmake[1]: *** Waiting for unfinished jobs....
[0.581s] gmake[2]: *** [CMakeFiles/r_gator_gazebo_tool.dir/build.make:90: CMakeFiles/r_gator_gazebo_tool.dir/src/gazebo_odom_publisher.cpp.o] Error 1
[0.581s] gmake[2]: *** Waiting for unfinished jobs....
[0.581s] [01m[K/home/samee/ros2ws/src/r_gator_gazebo_tool/src/tf_broadcaster.cpp:1:10:[m[K [01;31m[Kfatal error: [m[Krclcpp/rclcpp.hpp: No such file or directory
[0.581s]     1 | #include [01;31m[K"rclcpp/rclcpp.hpp"[m[K
[0.581s]       |          [01;31m[K^~~~~~~~~~~~~~~~~~~[m[K
[0.582s] [01m[K/home/samee/ros2ws/src/r_gator_gazebo_tool/src/tf_broadcaster.cpp:1:10:[m[K [01;31m[Kfatal error: [m[Krclcpp/rclcpp.hpp: No such file or directory
[0.582s]     1 | #include [01;31m[K"rclcpp/rclcpp.hpp"[m[K
[0.582s]       |          [01;31m[K^~~~~~~~~~~~~~~~~~~[m[K
[0.582s] compilation terminated.
[0.582s] compilation terminated.
[0.582s] gmake[2]: *** [CMakeFiles/r_gator_gazebo_tool.dir/build.make:76: CMakeFiles/r_gator_gazebo_tool.dir/src/tf_broadcaster.cpp.o] Error 1
[0.584s] gmake[1]: *** [CMakeFiles/Makefile2:141: CMakeFiles/r_gator_gazebo_tool.dir/all] Error 2
[0.584s] gmake[2]: *** [CMakeFiles/tf_broadcaster_node.dir/build.make:76: CMakeFiles/tf_broadcaster_node.dir/src/tf_broadcaster.cpp.o] Error 1
[0.584s] gmake[1]: *** [CMakeFiles/Makefile2:193: CMakeFiles/tf_broadcaster_node.dir/all] Error 2
[0.584s] gmake: *** [Makefile:146: all] Error 2
[0.925s] Invoked command in '/home/samee/ros2ws/build/r_gator_gazebo_tool' returned '2': CMAKE_PREFIX_PATH=/opt/ros/humble:${CMAKE_PREFIX_PATH} /usr/local/bin/cmake --build /home/samee/ros2ws/build/r_gator_gazebo_tool -- -j12 -l12
