[ 28%] [32mBuilding CXX object CMakeFiles/tf_broadcaster_node.dir/src/tf_broadcaster.cpp.o[0m
[ 28%] [32mBuilding CXX object CMakeFiles/r_gator_gazebo_tool_node.dir/src/gazebo_odom_publisher.cpp.o[0m
[01m[K/home/samee/ros2ws/src/r_gator_gazebo_tool/src/tf_broadcaster.cpp:1:10:[m[K [01;31m[Kfatal error: [m[Krclcpp/rclcpp.hpp: No such file or directory
    1 | #include [01;31m[K"rclcpp/rclcpp.hpp"[m[K
      |          [01;31m[K^~~~~~~~~~~~~~~~~~~[m[K
compilation terminated.
[01m[K/home/samee/ros2ws/src/r_gator_gazebo_tool/src/gazebo_odom_publisher.cpp:1:10:[m[K [01;31m[Kfatal error: [m[Krclcpp/rclcpp.hpp: No such file or directory
    1 | #include [01;31m[K"rclcpp/rclcpp.hpp"[m[K
      |          [01;31m[K^~~~~~~~~~~~~~~~~~~[m[K
compilation terminated.
gmake[2]: *** [CMakeFiles/tf_broadcaster_node.dir/build.make:76: CMakeFiles/tf_broadcaster_node.dir/src/tf_broadcaster.cpp.o] Error 1
gmake[1]: *** [CMakeFiles/Makefile2:193: CMakeFiles/tf_broadcaster_node.dir/all] Error 2
gmake[1]: *** Waiting for unfinished jobs....
gmake[2]: *** [CMakeFiles/r_gator_gazebo_tool_node.dir/build.make:76: CMakeFiles/r_gator_gazebo_tool_node.dir/src/gazebo_odom_publisher.cpp.o] Error 1
gmake[1]: *** [CMakeFiles/Makefile2:167: CMakeFiles/r_gator_gazebo_tool_node.dir/all] Error 2
[ 57%] [32mBuilding CXX object CMakeFiles/r_gator_gazebo_tool.dir/src/tf_broadcaster.cpp.o[0m
[ 57%] [32mBuilding CXX object CMakeFiles/r_gator_gazebo_tool.dir/src/gazebo_odom_publisher.cpp.o[0m
[01m[K/home/samee/ros2ws/src/r_gator_gazebo_tool/src/gazebo_odom_publisher.cpp:6:10:[m[K [01;31m[Kfatal error: [m[Ktf2_geometry_msgs/tf2_geometry_msgs.h: No such file or directory
    6 | #include [01;31m[K"tf2_geometry_msgs/tf2_geometry_msgs.h"[m[K
      |          [01;31m[K^~~~~~~~~~~~~~~~~~~~~~~~~~~~~~~~~~~~~~~[m[K
compilation terminated.
gmake[2]: *** [CMakeFiles/r_gator_gazebo_tool.dir/build.make:90: CMakeFiles/r_gator_gazebo_tool.dir/src/gazebo_odom_publisher.cpp.o] Error 1
gmake[2]: *** Waiting for unfinished jobs....
[01m[K/home/samee/ros2ws/src/r_gator_gazebo_tool/src/tf_broadcaster.cpp:[m[K In member function â€˜[01m[Kvoid TFBroadcaster::broadcast_transforms()[m[Kâ€™:
[01m[K/home/samee/ros2ws/src/r_gator_gazebo_tool/src/tf_broadcaster.cpp:33:16:[m[K [01;31m[Kerror: [m[Kâ€˜[01m[KTransform[m[Kâ€™ is not a member of â€˜[01m[Ktf2_ros[m[Kâ€™; did you mean â€˜[01m[Kgeometry_msgs::msg::Transform[m[Kâ€™?
   33 |       tf2_ros::[01;31m[KTransform[m[K map_to_path;
      |                [01;31m[K^~~~~~~~~[m[K
In file included from [01m[K/opt/ros/humble/include/geometry_msgs/geometry_msgs/msg/detail/transform_stamped__struct.hpp:22[m[K,
                 from [01m[K/opt/ros/humble/include/geometry_msgs/geometry_msgs/msg/transform_stamped.hpp:7[m[K,
                 from [01m[K/opt/ros/humble/include/tf2_ros/tf2_ros/transform_broadcaster.h:42[m[K,
                 from [01m[K/home/samee/ros2ws/src/r_gator_gazebo_tool/src/tf_broadcaster.cpp:2[m[K:
[01m[K/opt/ros/humble/include/geometry_msgs/geometry_msgs/msg/detail/transform__struct.hpp:135:7:[m[K [01;36m[Knote: [m[Kâ€˜[01m[Kgeometry_msgs::msg::Transform[m[Kâ€™ declared here
  135 | using [01;36m[KTransform[m[K =
      |       [01;36m[K^~~~~~~~~[m[K
[01m[K/home/samee/ros2ws/src/r_gator_gazebo_tool/src/tf_broadcaster.cpp:34:7:[m[K [01;31m[Kerror: [m[Kâ€˜[01m[Kmap_to_path[m[Kâ€™ was not declared in this scope
   34 |       [01;31m[Kmap_to_path[m[K.setIdentity();
      |       [01;31m[K^~~~~~~~~~~[m[K
[01m[K/home/samee/ros2ws/src/r_gator_gazebo_tool/src/tf_broadcaster.cpp:39:43:[m[K [01;31m[Kerror: [m[Kâ€˜[01m[KtoMsg[m[Kâ€™ is not a member of â€˜[01m[Ktf2_ros[m[Kâ€™
   39 |       map_to_path_tf.transform = tf2_ros::[01;31m[KtoMsg[m[K(map_to_path);
      |                                           [01;31m[K^~~~~[m[K
[01m[K/home/samee/ros2ws/src/r_gator_gazebo_tool/src/tf_broadcaster.cpp:41:16:[m[K [01;31m[Kerror: [m[Kâ€˜[01m[KTransform[m[Kâ€™ is not a member of â€˜[01m[Ktf2_ros[m[Kâ€™; did you mean â€˜[01m[Kgeometry_msgs::msg::Transform[m[Kâ€™?
   41 |       tf2_ros::[01;31m[KTransform[m[K map_to_path_tf;
      |                [01;31m[K^~~~~~~~~[m[K
In file included from [01m[K/opt/ros/humble/include/geometry_msgs/geometry_msgs/msg/detail/transform_stamped__struct.hpp:22[m[K,
                 from [01m[K/opt/ros/humble/include/geometry_msgs/geometry_msgs/msg/transform_stamped.hpp:7[m[K,
                 from [01m[K/opt/ros/humble/include/tf2_ros/tf2_ros/transform_broadcaster.h:42[m[K,
                 from [01m[K/home/samee/ros2ws/src/r_gator_gazebo_tool/src/tf_broadcaster.cpp:2[m[K:
[01m[K/opt/ros/humble/include/geometry_msgs/geometry_msgs/msg/detail/transform__struct.hpp:135:7:[m[K [01;36m[Knote: [m[Kâ€˜[01m[Kgeometry_msgs::msg::Transform[m[Kâ€™ declared here
  135 | using [01;36m[KTransform[m[K =
      |       [01;36m[K^~~~~~~~~[m[K
[01m[K/home/samee/ros2ws/src/r_gator_gazebo_tool/src/tf_broadcaster.cpp:42:16:[m[K [01;31m[Kerror: [m[Kâ€˜[01m[KTransform[m[Kâ€™ is not a member of â€˜[01m[Ktf2_ros[m[Kâ€™; did you mean â€˜[01m[Kgeometry_msgs::msg::Transform[m[Kâ€™?
   42 |       tf2_ros::[01;31m[KTransform[m[K map_to_path_tf_tf;
      |                [01;31m[K^~~~~~~~~[m[K
In file included from [01m[K/opt/ros/humble/include/geometry_msgs/geometry_msgs/msg/detail/transform_stamped__struct.hpp:22[m[K,
                 from [01m[K/opt/ros/humble/include/geometry_msgs/geometry_msgs/msg/transform_stamped.hpp:7[m[K,
                 from [01m[K/opt/ros/humble/include/tf2_ros/tf2_ros/transform_broadcaster.h:42[m[K,
                 from [01m[K/home/samee/ros2ws/src/r_gator_gazebo_tool/src/tf_broadcaster.cpp:2[m[K:
[01m[K/opt/ros/humble/include/geometry_msgs/geometry_msgs/msg/detail/transform__struct.hpp:135:7:[m[K [01;36m[Knote: [m[Kâ€˜[01m[Kgeometry_msgs::msg::Transform[m[Kâ€™ declared here
  135 | using [01;36m[KTransform[m[K =
      |       [01;36m[K^~~~~~~~~[m[K
[01m[K/home/samee/ros2ws/src/r_gator_gazebo_tool/src/tf_broadcaster.cpp:43:22:[m[K [01;31m[Kerror: [m[Kâ€˜[01m[Kusing TransformStamped = struct geometry_msgs::msg::TransformStamped_<std::allocator<void> >[m[Kâ€™ {aka â€˜[01m[Kstruct geometry_msgs::msg::TransformStamped_<std::allocator<void> >[m[Kâ€™} has no member named â€˜[01m[KsetOrigin[m[Kâ€™
   43 |       map_to_path_tf.[01;31m[KsetOrigin[m[K(tf2_ros::Vector3(tf_pose.position.x, tf_pose.position.y, tf_pose.position.z));
      |                      [01;31m[K^~~~~~~~~[m[K
[01m[K/home/samee/ros2ws/src/r_gator_gazebo_tool/src/tf_broadcaster.cpp:43:41:[m[K [01;31m[Kerror: [m[Kâ€˜[01m[KVector3[m[Kâ€™ is not a member of â€˜[01m[Ktf2_ros[m[Kâ€™; did you mean â€˜[01m[Kgeometry_msgs::msg::Vector3[m[Kâ€™?
   43 |       map_to_path_tf.setOrigin(tf2_ros::[01;31m[KVector3[m[K(tf_pose.position.x, tf_pose.position.y, tf_pose.position.z));
      |                                         [01;31m[K^~~~~~~[m[K
In file included from [01m[K/opt/ros/humble/include/geometry_msgs/geometry_msgs/msg/detail/transform__struct.hpp:20[m[K,
                 from [01m[K/opt/ros/humble/include/geometry_msgs/geometry_msgs/msg/detail/transform_stamped__struct.hpp:22[m[K,
                 from [01m[K/opt/ros/humble/include/geometry_msgs/geometry_msgs/msg/transform_stamped.hpp:7[m[K,
                 from [01m[K/opt/ros/humble/include/tf2_ros/tf2_ros/transform_broadcaster.h:42[m[K,
                 from [01m[K/home/samee/ros2ws/src/r_gator_gazebo_tool/src/tf_broadcaster.cpp:2[m[K:
[01m[K/opt/ros/humble/include/geometry_msgs/geometry_msgs/msg/detail/vector3__struct.hpp:150:7:[m[K [01;36m[Knote: [m[Kâ€˜[01m[Kgeometry_msgs::msg::Vector3[m[Kâ€™ declared here
  150 | using [01;36m[KVector3[m[K =
      |       [01;36m[K^~~~~~~[m[K
[01m[K/home/samee/ros2ws/src/r_gator_gazebo_tool/src/tf_broadcaster.cpp:44:22:[m[K [01;31m[Kerror: [m[Kâ€˜[01m[Kusing TransformStamped = struct geometry_msgs::msg::TransformStamped_<std::allocator<void> >[m[Kâ€™ {aka â€˜[01m[Kstruct geometry_msgs::msg::TransformStamped_<std::allocator<void> >[m[Kâ€™} has no member named â€˜[01m[KsetRotation[m[Kâ€™
   44 |       map_to_path_tf.[01;31m[KsetRotation[m[K(tf2_ros::Quaternion(0, 0, 0, 1));
      |                      [01;31m[K^~~~~~~~~~~[m[K
[01m[K/home/samee/ros2ws/src/r_gator_gazebo_tool/src/tf_broadcaster.cpp:44:43:[m[K [01;31m[Kerror: [m[Kâ€˜[01m[KQuaternion[m[Kâ€™ is not a member of â€˜[01m[Ktf2_ros[m[Kâ€™; did you mean â€˜[01m[Kgeometry_msgs::msg::Quaternion[m[Kâ€™?
   44 |       map_to_path_tf.setRotation(tf2_ros::[01;31m[KQuaternion[m[K(0, 0, 0, 1));
      |                                           [01;31m[K^~~~~~~~~~[m[K
In file included from [01m[K/opt/ros/humble/include/geometry_msgs/geometry_msgs/msg/detail/transform__struct.hpp:22[m[K,
                 from [01m[K/opt/ros/humble/include/geometry_msgs/geometry_msgs/msg/detail/transform_stamped__struct.hpp:22[m[K,
                 from [01m[K/opt/ros/humble/include/geometry_msgs/geometry_msgs/msg/transform_stamped.hpp:7[m[K,
                 from [01m[K/opt/ros/humble/include/tf2_ros/tf2_ros/transform_broadcaster.h:42[m[K,
                 from [01m[K/home/samee/ros2ws/src/r_gator_gazebo_tool/src/tf_broadcaster.cpp:2[m[K:
[01m[K/opt/ros/humble/include/geometry_msgs/geometry_msgs/msg/detail/quaternion__struct.hpp:174:7:[m[K [01;36m[Knote: [m[Kâ€˜[01m[Kgeometry_msgs::msg::Quaternion[m[Kâ€™ declared here
  174 | using [01;36m[KQuaternion[m[K =
      |       [01;36m[K^~~~~~~~~~[m[K
[01m[K/home/samee/ros2ws/src/r_gator_gazebo_tool/src/tf_broadcaster.cpp:46:7:[m[K [01;31m[Kerror: [m[Kâ€˜[01m[Kmap_to_path_tf_tf[m[Kâ€™ was not declared in this scope; did you mean â€˜[01m[Kmap_to_path_tf[m[Kâ€™?
   46 |       [01;31m[Kmap_to_path_tf_tf[m[K = map_to_path.inverseTimes(map_to_path_tf);
      |       [01;31m[K^~~~~~~~~~~~~~~~~[m[K
      |       [32m[Kmap_to_path_tf[m[K
[01m[K/home/samee/ros2ws/src/r_gator_gazebo_tool/src/tf_broadcaster.cpp:51:47:[m[K [01;31m[Kerror: [m[Kâ€˜[01m[KtoMsg[m[Kâ€™ is not a member of â€˜[01m[Ktf2_ros[m[Kâ€™
   51 |       map_to_path_tf_msg.transform = tf2_ros::[01;31m[KtoMsg[m[K(map_to_path_tf_tf);
      |                                               [01;31m[K^~~~~[m[K
gmake[2]: *** [CMakeFiles/r_gator_gazebo_tool.dir/build.make:76: CMakeFiles/r_gator_gazebo_tool.dir/src/tf_broadcaster.cpp.o] Error 1
gmake[1]: *** [CMakeFiles/Makefile2:141: CMakeFiles/r_gator_gazebo_tool.dir/all] Error 2
gmake: *** [Makefile:146: all] Error 2
