[ 25%] [32mBuilding CXX object CMakeFiles/tf_broadcaster_node.dir/src/tf_broadcaster.cpp.o[0m
[ 50%] [32mBuilding CXX object CMakeFiles/r-gator-gazebo-tool-2_node.dir/src/gazebo_odom_publisher.cpp.o[0m
[01m[K/home/samee/ros2ws/src/r-gator-simulator-2/r-gator-gazebo-tool-2/src/tf_broadcaster.cpp:17:23:[m[K [01;31m[Kerror: [m[Kâ€˜[01m[Knav_msgs[m[Kâ€™ does not name a type
   17 |     void setMap(const [01;31m[Knav_msgs[m[K::msg::OccupancyGrid::SharedPtr map)
      |                       [01;31m[K^~~~~~~~[m[K
[01m[K/home/samee/ros2ws/src/r-gator-simulator-2/r-gator-gazebo-tool-2/src/tf_broadcaster.cpp:17:36:[m[K [01;31m[Kerror: [m[Kexpected unqualified-id before â€˜[01m[K::[m[Kâ€™ token
   17 |     void setMap(const nav_msgs::msg[01;31m[K::[m[KOccupancyGrid::SharedPtr map)
      |                                    [01;31m[K^~[m[K
[01m[K/home/samee/ros2ws/src/r-gator-simulator-2/r-gator-gazebo-tool-2/src/tf_broadcaster.cpp:17:36:[m[K [01;31m[Kerror: [m[Kexpected â€˜[01m[K)[m[Kâ€™ before â€˜[01m[K::[m[Kâ€™ token
   17 |     void setMap[34m[K([m[Kconst nav_msgs::msg[01;31m[K:[m[K[32m[K:[m[KOccupancyGrid::SharedPtr map)
      |                [34m[K~[m[K                   [01;31m[K^[m[K[32m[K~[m[K
      |                                    [32m[K)[m[K
[01m[K/home/samee/ros2ws/src/r-gator-simulator-2/r-gator-gazebo-tool-2/src/tf_broadcaster.cpp:17:33:[m[K [01;31m[Kerror: [m[Kexpected â€˜[01m[K;[m[Kâ€™ at end of member declaration
   17 |     void setMap(const nav_msgs::[01;31m[Kmsg[m[K::OccupancyGrid::SharedPtr map)
      |                                 [01;31m[K^~~[m[K
      |                                    [32m[K;[m[K
[01m[K/home/samee/ros2ws/src/r-gator-simulator-2/r-gator-gazebo-tool-2/src/tf_broadcaster.cpp:17:38:[m[K [01;31m[Kerror: [m[Kâ€˜[01m[KOccupancyGrid[m[Kâ€™ in namespace â€˜[01m[K::[m[Kâ€™ does not name a type
   17 |     void setMap(const nav_msgs::msg::[01;31m[KOccupancyGrid[m[K::SharedPtr map)
      |                                      [01;31m[K^~~~~~~~~~~~~[m[K
[01m[K/home/samee/ros2ws/src/r-gator-simulator-2/r-gator-gazebo-tool-2/src/tf_broadcaster.cpp:51:26:[m[K [01;31m[Kerror: [m[Kâ€˜[01m[Knav_msgs[m[Kâ€™ was not declared in this scope
   51 |     rclcpp::Subscription<[01;31m[Knav_msgs[m[K::msg::OccupancyGrid>::SharedPtr sub_map_;
      |                          [01;31m[K^~~~~~~~[m[K
[01m[K/home/samee/ros2ws/src/r-gator-simulator-2/r-gator-gazebo-tool-2/src/tf_broadcaster.cpp:51:54:[m[K [01;31m[Kerror: [m[Ktemplate argument 1 is invalid
   51 |     rclcpp::Subscription<nav_msgs::msg::OccupancyGrid[01;31m[K>[m[K::SharedPtr sub_map_;
      |                                                      [01;31m[K^[m[K
[01m[K/home/samee/ros2ws/src/r-gator-simulator-2/r-gator-gazebo-tool-2/src/tf_broadcaster.cpp:51:54:[m[K [01;31m[Kerror: [m[Ktemplate argument 3 is invalid
[01m[K/home/samee/ros2ws/src/r-gator-simulator-2/r-gator-gazebo-tool-2/src/tf_broadcaster.cpp:51:54:[m[K [01;31m[Kerror: [m[Ktemplate argument 4 is invalid
[01m[K/home/samee/ros2ws/src/r-gator-simulator-2/r-gator-gazebo-tool-2/src/tf_broadcaster.cpp:51:54:[m[K [01;31m[Kerror: [m[Ktemplate argument 5 is invalid
[01m[K/home/samee/ros2ws/src/r-gator-simulator-2/r-gator-gazebo-tool-2/src/tf_broadcaster.cpp:51:57:[m[K [01;31m[Kerror: [m[Kexpected â€˜[01m[K;[m[Kâ€™ at end of member declaration
   51 |     rclcpp::Subscription<nav_msgs::msg::OccupancyGrid>::[01;31m[KSharedPtr[m[K sub_map_;
      |                                                         [01;31m[K^~~~~~~~~[m[K
      |                                                                  [32m[K;[m[K
[01m[K/home/samee/ros2ws/src/r-gator-simulator-2/r-gator-gazebo-tool-2/src/tf_broadcaster.cpp:51:67:[m[K [01;31m[Kerror: [m[Kâ€˜[01m[Ksub_map_[m[Kâ€™ does not name a type
   51 |     rclcpp::Subscription<nav_msgs::msg::OccupancyGrid>::SharedPtr [01;31m[Ksub_map_[m[K;
      |                                                                   [01;31m[K^~~~~~~~[m[K
[01m[K/home/samee/ros2ws/src/r-gator-simulator-2/r-gator-gazebo-tool-2/src/tf_broadcaster.cpp:52:5:[m[K [01;31m[Kerror: [m[Kâ€˜[01m[Knav_msgs[m[Kâ€™ does not name a type
   52 |     [01;31m[Knav_msgs[m[K::msg::OccupancyGrid::SharedPtr grid_;
      |     [01;31m[K^~~~~~~~[m[K
[01m[K/home/samee/ros2ws/src/r-gator-simulator-2/r-gator-gazebo-tool-2/src/tf_broadcaster.cpp:[m[K In constructor â€˜[01m[KTfBroadcasterNode::TfBroadcasterNode()[m[Kâ€™:
[01m[K/home/samee/ros2ws/src/r-gator-simulator-2/r-gator-gazebo-tool-2/src/tf_broadcaster.cpp:13:9:[m[K [01;31m[Kerror: [m[Kâ€˜[01m[Ksub_map_[m[Kâ€™ was not declared in this scope
   13 |         [01;31m[Ksub_map_[m[K = this->create_subscription<nav_msgs::msg::OccupancyGrid>(
      |         [01;31m[K^~~~~~~~[m[K
[01m[K/home/samee/ros2ws/src/r-gator-simulator-2/r-gator-gazebo-tool-2/src/tf_broadcaster.cpp:13:46:[m[K [01;31m[Kerror: [m[Kâ€˜[01m[Knav_msgs[m[Kâ€™ was not declared in this scope
   13 |         sub_map_ = this->create_subscription<[01;31m[Knav_msgs[m[K::msg::OccupancyGrid>(
      |                                              [01;31m[K^~~~~~~~[m[K
[01m[K/home/samee/ros2ws/src/r-gator-simulator-2/r-gator-gazebo-tool-2/src/tf_broadcaster.cpp:13:26:[m[K [01;31m[Kerror: [m[Kparse error in template argument list
   13 |         sub_map_ = this->[01;31m[Kcreate_subscription<nav_msgs::msg::OccupancyGrid>[m[K(
      |                          [01;31m[K^~~~~~~~~~~~~~~~~~~~~~~~~~~~~~~~~~~~~~~~~~~~~~~~~[m[K
[01m[K/home/samee/ros2ws/src/r-gator-simulator-2/r-gator-gazebo-tool-2/src/tf_broadcaster.cpp:13:75:[m[K [01;31m[Kerror: [m[Kno matching function for call to â€˜[01m[KTfBroadcasterNode::create_subscription<<expression error> >(const char [9], int, std::_Bind_helper<false, void (TfBroadcasterNode::*)(...), TfBroadcasterNode*, const std::_Placeholder<1>&>::type)[m[Kâ€™
   13 |         sub_map_ = [01;31m[Kthis->create_subscription<nav_msgs::msg::OccupancyGrid>([m[K
      |                    [01;31m[K~~~~~~~~~~~~~~~~~~~~~~~~~~~~~~~~~~~~~~~~~~~~~~~~~~~~~~~^[m[K
   14 | [01;31m[K            "/occ_map", 1, std::bind(&TfBroadcasterNode::setMap, this, std::placeholders::_1))[m[K;
      |             [01;31m[K~~~~~~~~~~~~~~~~~~~~~~~~~~~~~~~~~~~~~~~~~~~~~~~~~~~~~~~~~~~~~~~~~~~~~~~~~~~~~~~~~~[m[K
In file included from [01m[K/opt/ros/humble/include/rclcpp/rclcpp/executors/single_threaded_executor.hpp:28[m[K,
                 from [01m[K/opt/ros/humble/include/rclcpp/rclcpp/executors.hpp:22[m[K,
                 from [01m[K/opt/ros/humble/include/rclcpp/rclcpp/rclcpp.hpp:155[m[K,
                 from [01m[K/home/samee/ros2ws/src/r-gator-simulator-2/r-gator-gazebo-tool-2/src/tf_broadcaster.cpp:1[m[K:
[01m[K/opt/ros/humble/include/rclcpp/rclcpp/node.hpp:219:3:[m[K [01;36m[Knote: [m[Kcandidate: â€˜[01m[Ktemplate<class MessageT, class CallbackT, class AllocatorT, class SubscriptionT, class MessageMemoryStrategyT> std::shared_ptr<ROSMessageT> rclcpp::Node::create_subscription(const string&, const rclcpp::QoS&, CallbackT&&, const rclcpp::SubscriptionOptionsWithAllocator<AllocatorT>&, typename MessageMemoryStrategyT::SharedPtr)[m[Kâ€™
  219 |   [01;36m[Kcreate_subscription[m[K(
      |   [01;36m[K^~~~~~~~~~~~~~~~~~~[m[K
[01m[K/opt/ros/humble/include/rclcpp/rclcpp/node.hpp:219:3:[m[K [01;36m[Knote: [m[K  template argument deduction/substitution failed:
[01m[K/home/samee/ros2ws/src/r-gator-simulator-2/r-gator-gazebo-tool-2/src/tf_broadcaster.cpp:13:75:[m[K [01;31m[Kerror: [m[Ktemplate argument 1 is invalid
   13 |         sub_map_ = [01;31m[Kthis->create_subscription<nav_msgs::msg::OccupancyGrid>([m[K
      |                    [01;31m[K~~~~~~~~~~~~~~~~~~~~~~~~~~~~~~~~~~~~~~~~~~~~~~~~~~~~~~~^[m[K
   14 | [01;31m[K            "/occ_map", 1, std::bind(&TfBroadcasterNode::setMap, this, std::placeholders::_1))[m[K;
      |             [01;31m[K~~~~~~~~~~~~~~~~~~~~~~~~~~~~~~~~~~~~~~~~~~~~~~~~~~~~~~~~~~~~~~~~~~~~~~~~~~~~~~~~~~[m[K
[01m[K/home/samee/ros2ws/src/r-gator-simulator-2/r-gator-gazebo-tool-2/src/tf_broadcaster.cpp:[m[K In member function â€˜[01m[Kvoid TfBroadcasterNode::publishTransforms()[m[Kâ€™:
[01m[K/home/samee/ros2ws/src/r-gator-simulator-2/r-gator-gazebo-tool-2/src/tf_broadcaster.cpp:25:13:[m[K [01;31m[Kerror: [m[Kâ€˜[01m[Kgrid_[m[Kâ€™ was not declared in this scope
   25 |         if ([01;31m[Kgrid_[m[K != nullptr)
      |             [01;31m[K^~~~~[m[K
[01m[K/home/samee/ros2ws/src/r-gator-simulator-2/r-gator-gazebo-tool-2/src/tf_broadcaster.cpp:29:18:[m[K [01;31m[Kerror: [m[Kâ€˜[01m[KTransform[m[Kâ€™ is not a member of â€˜[01m[Ktf2[m[Kâ€™; did you mean â€˜[01m[Kgeometry_msgs::msg::Transform[m[Kâ€™?
   29 |             tf2::[01;31m[KTransform[m[K tfTransform;
      |                  [01;31m[K^~~~~~~~~[m[K
In file included from [01m[K/opt/ros/humble/include/geometry_msgs/geometry_msgs/msg/detail/transform_stamped__struct.hpp:22[m[K,
                 from [01m[K/opt/ros/humble/include/geometry_msgs/geometry_msgs/msg/transform_stamped.hpp:7[m[K,
                 from [01m[K/opt/ros/humble/include/tf2_ros/tf2_ros/transform_broadcaster.h:42[m[K,
                 from [01m[K/home/samee/ros2ws/src/r-gator-simulator-2/r-gator-gazebo-tool-2/src/tf_broadcaster.cpp:2[m[K:
[01m[K/opt/ros/humble/include/geometry_msgs/geometry_msgs/msg/detail/transform__struct.hpp:135:7:[m[K [01;36m[Knote: [m[Kâ€˜[01m[Kgeometry_msgs::msg::Transform[m[Kâ€™ declared here
  135 | using [01;36m[KTransform[m[K =
      |       [01;36m[K^~~~~~~~~[m[K
[01m[K/home/samee/ros2ws/src/r-gator-simulator-2/r-gator-gazebo-tool-2/src/tf_broadcaster.cpp:30:18:[m[K [01;31m[Kerror: [m[Kâ€˜[01m[Kconvert[m[Kâ€™ is not a member of â€˜[01m[Ktf2[m[Kâ€™
   30 |             tf2::[01;31m[Kconvert[m[K(grid_->info.origin, tfTransform);
      |                  [01;31m[K^~~~~~~[m[K
[01m[K/home/samee/ros2ws/src/r-gator-simulator-2/r-gator-gazebo-tool-2/src/tf_broadcaster.cpp:30:46:[m[K [01;31m[Kerror: [m[Kâ€˜[01m[KtfTransform[m[Kâ€™ was not declared in this scope
   30 |             tf2::convert(grid_->info.origin, [01;31m[KtfTransform[m[K);
      |                                              [01;31m[K^~~~~~~~~~~[m[K
[01m[K/home/samee/ros2ws/src/r-gator-simulator-2/r-gator-gazebo-tool-2/src/tf_broadcaster.cpp:35:18:[m[K [01;31m[Kerror: [m[Kâ€˜[01m[Kconvert[m[Kâ€™ is not a member of â€˜[01m[Ktf2[m[Kâ€™
   35 |             tf2::[01;31m[Kconvert[m[K(tfTransform, odom_to_map.transform);
      |                  [01;31m[K^~~~~~~[m[K
[01m[K/home/samee/ros2ws/src/r-gator-simulator-2/r-gator-gazebo-tool-2/src/gazebo_odom_publisher.cpp:35:5:[m[K [01;31m[Kerror: [m[Kâ€˜[01m[Ktf2[m[Kâ€™ does not name a type
   35 |     [01;31m[Ktf2[m[K::Transform transform;
      |     [01;31m[K^~~[m[K
[01m[K/home/samee/ros2ws/src/r-gator-simulator-2/r-gator-gazebo-tool-2/src/gazebo_odom_publisher.cpp:36:5:[m[K [01;31m[Kerror: [m[Kâ€˜[01m[Ktf2[m[Kâ€™ does not name a type
   36 |     [01;31m[Ktf2[m[K::Quaternion quaternion;
      |     [01;31m[K^~~[m[K
gmake[2]: *** [CMakeFiles/tf_broadcaster_node.dir/build.make:76: CMakeFiles/tf_broadcaster_node.dir/src/tf_broadcaster.cpp.o] Error 1
gmake[1]: *** [CMakeFiles/Makefile2:165: CMakeFiles/tf_broadcaster_node.dir/all] Error 2
gmake[1]: *** Waiting for unfinished jobs....
gmake[2]: *** [CMakeFiles/r-gator-gazebo-tool-2_node.dir/build.make:76: CMakeFiles/r-gator-gazebo-tool-2_node.dir/src/gazebo_odom_publisher.cpp.o] Error 1
gmake[1]: *** [CMakeFiles/Makefile2:139: CMakeFiles/r-gator-gazebo-tool-2_node.dir/all] Error 2
gmake: *** [Makefile:146: all] Error 2
