[0.243s] Invoking command in '/home/samee/ros2ws/build/r-gator-gazebo-tool-2': /usr/local/bin/cmake --build /home/samee/ros2ws/build/r-gator-gazebo-tool-2 -- -j12 -l12
[0.259s] [ 50%] [32mBuilding CXX object CMakeFiles/r-gator-gazebo-tool-2_node.dir/src/gazebo_odom_publisher.cpp.o[0m
[0.260s] [ 50%] [32mBuilding CXX object CMakeFiles/tf_broadcaster_node.dir/src/tf_broadcaster.cpp.o[0m
[0.499s] [01m[K/home/samee/ros2ws/src/r-gator-simulator-2/r-gator-gazebo-tool-2/src/tf_broadcaster.cpp:5:10:[m[K [01;31m[Kfatal error: [m[Knav_msgs/msg/occupancy_grid.hpp: No such file or directory
[0.500s]     5 | #include [01;31m[K<nav_msgs/msg/occupancy_grid.hpp>[m[K
[0.500s]       |          [01;31m[K^~~~~~~~~~~~~~~~~~~~~~~~~~~~~~~~~[m[K
[0.500s] compilation terminated.
[0.502s] gmake[2]: *** [CMakeFiles/tf_broadcaster_node.dir/build.make:76: CMakeFiles/tf_broadcaster_node.dir/src/tf_broadcaster.cpp.o] Error 1
[0.503s] gmake[1]: *** [CMakeFiles/Makefile2:165: CMakeFiles/tf_broadcaster_node.dir/all] Error 2
[0.503s] gmake[1]: *** Waiting for unfinished jobs....
[2.734s] [01m[K/home/samee/ros2ws/src/r-gator-simulator-2/r-gator-gazebo-tool-2/src/gazebo_odom_publisher.cpp:20:35:[m[K [01;31m[Kerror: [m[Kâ€˜[01m[Kgazebo_msgs[m[Kâ€™ does not name a type
[2.734s]    20 |     void ModelStatecallback(const [01;31m[Kgazebo_msgs[m[K::msg::ModelStates::SharedPtr box_state_current);
[2.735s]       |                                   [01;31m[K^~~~~~~~~~~[m[K
[2.735s] [01m[K/home/samee/ros2ws/src/r-gator-simulator-2/r-gator-gazebo-tool-2/src/gazebo_odom_publisher.cpp:20:51:[m[K [01;31m[Kerror: [m[Kexpected unqualified-id before â€˜[01m[K::[m[Kâ€™ token
[2.735s]    20 |     void ModelStatecallback(const gazebo_msgs::msg[01;31m[K::[m[KModelStates::SharedPtr box_state_current);
[2.735s]       |                                                   [01;31m[K^~[m[K
[2.735s] [01m[K/home/samee/ros2ws/src/r-gator-simulator-2/r-gator-gazebo-tool-2/src/gazebo_odom_publisher.cpp:20:51:[m[K [01;31m[Kerror: [m[Kexpected â€˜[01m[K)[m[Kâ€™ before â€˜[01m[K::[m[Kâ€™ token
[2.735s]    20 |     void ModelStatecallback[34m[K([m[Kconst gazebo_msgs::msg[01;31m[K:[m[K[32m[K:[m[KModelStates::SharedPtr box_state_current);
[2.735s]       |                            [34m[K~[m[K                      [01;31m[K^[m[K[32m[K~[m[K
[2.735s]       |                                                   [32m[K)[m[K
[2.735s] [01m[K/home/samee/ros2ws/src/r-gator-simulator-2/r-gator-gazebo-tool-2/src/gazebo_odom_publisher.cpp:20:48:[m[K [01;31m[Kerror: [m[Kexpected â€˜[01m[K;[m[Kâ€™ at end of member declaration
[2.735s]    20 |     void ModelStatecallback(const gazebo_msgs::[01;31m[Kmsg[m[K::ModelStates::SharedPtr box_state_current);
[2.735s]       |                                                [01;31m[K^~~[m[K
[2.735s]       |                                                   [32m[K;[m[K
[2.737s] [01m[K/home/samee/ros2ws/src/r-gator-simulator-2/r-gator-gazebo-tool-2/src/gazebo_odom_publisher.cpp:20:53:[m[K [01;31m[Kerror: [m[Kâ€˜[01m[KModelStates[m[Kâ€™ in namespace â€˜[01m[K::[m[Kâ€™ does not name a type
[2.737s]    20 |     void ModelStatecallback(const gazebo_msgs::msg::[01;31m[KModelStates[m[K::SharedPtr box_state_current);
[2.737s]       |                                                     [01;31m[K^~~~~~~~~~~[m[K
[2.742s] [01m[K/home/samee/ros2ws/src/r-gator-simulator-2/r-gator-gazebo-tool-2/src/gazebo_odom_publisher.cpp:22:20:[m[K [01;31m[Kerror: [m[Kâ€˜[01m[Kgazebo_msgs[m[Kâ€™ was not declared in this scope
[2.742s]    22 |     rclcpp::Client<[01;31m[Kgazebo_msgs[m[K::srv::GetModelState>::SharedPtr states_client_;
[2.742s]       |                    [01;31m[K^~~~~~~~~~~[m[K
[2.742s] [01m[K/home/samee/ros2ws/src/r-gator-simulator-2/r-gator-gazebo-tool-2/src/gazebo_odom_publisher.cpp:22:51:[m[K [01;31m[Kerror: [m[Ktemplate argument 1 is invalid
[2.742s]    22 |     rclcpp::Client<gazebo_msgs::srv::GetModelState[01;31m[K>[m[K::SharedPtr states_client_;
[2.742s]       |                                                   [01;31m[K^[m[K
[2.742s] [01m[K/home/samee/ros2ws/src/r-gator-simulator-2/r-gator-gazebo-tool-2/src/gazebo_odom_publisher.cpp:22:54:[m[K [01;31m[Kerror: [m[Kexpected â€˜[01m[K;[m[Kâ€™ at end of member declaration
[2.742s]    22 |     rclcpp::Client<gazebo_msgs::srv::GetModelState>::[01;31m[KSharedPtr[m[K states_client_;
[2.742s]       |                                                      [01;31m[K^~~~~~~~~[m[K
[2.743s]       |                                                               [32m[K;[m[K
[2.744s] [01m[K/home/samee/ros2ws/src/r-gator-simulator-2/r-gator-gazebo-tool-2/src/gazebo_odom_publisher.cpp:22:64:[m[K [01;31m[Kerror: [m[Kâ€˜[01m[Kstates_client_[m[Kâ€™ does not name a type
[2.744s]    22 |     rclcpp::Client<gazebo_msgs::srv::GetModelState>::SharedPtr [01;31m[Kstates_client_[m[K;
[2.744s]       |                                                                [01;31m[K^~~~~~~~~~~~~~[m[K
[2.753s] [01m[K/home/samee/ros2ws/src/r-gator-simulator-2/r-gator-gazebo-tool-2/src/gazebo_odom_publisher.cpp:24:26:[m[K [01;31m[Kerror: [m[Kâ€˜[01m[Kgazebo_msgs[m[Kâ€™ was not declared in this scope
[2.753s]    24 |     rclcpp::Subscription<[01;31m[Kgazebo_msgs[m[K::msg::ModelStates>::SharedPtr model_states_sub_;
[2.753s]       |                          [01;31m[K^~~~~~~~~~~[m[K
[2.753s] [01m[K/home/samee/ros2ws/src/r-gator-simulator-2/r-gator-gazebo-tool-2/src/gazebo_odom_publisher.cpp:24:55:[m[K [01;31m[Kerror: [m[Ktemplate argument 1 is invalid
[2.753s]    24 |     rclcpp::Subscription<gazebo_msgs::msg::ModelStates[01;31m[K>[m[K::SharedPtr model_states_sub_;
[2.753s]       |                                                       [01;31m[K^[m[K
[2.753s] [01m[K/home/samee/ros2ws/src/r-gator-simulator-2/r-gator-gazebo-tool-2/src/gazebo_odom_publisher.cpp:24:55:[m[K [01;31m[Kerror: [m[Ktemplate argument 3 is invalid
[2.753s] [01m[K/home/samee/ros2ws/src/r-gator-simulator-2/r-gator-gazebo-tool-2/src/gazebo_odom_publisher.cpp:24:55:[m[K [01;31m[Kerror: [m[Ktemplate argument 4 is invalid
[2.753s] [01m[K/home/samee/ros2ws/src/r-gator-simulator-2/r-gator-gazebo-tool-2/src/gazebo_odom_publisher.cpp:24:55:[m[K [01;31m[Kerror: [m[Ktemplate argument 5 is invalid
[2.753s] [01m[K/home/samee/ros2ws/src/r-gator-simulator-2/r-gator-gazebo-tool-2/src/gazebo_odom_publisher.cpp:24:58:[m[K [01;31m[Kerror: [m[Kexpected â€˜[01m[K;[m[Kâ€™ at end of member declaration
[2.754s]    24 |     rclcpp::Subscription<gazebo_msgs::msg::ModelStates>::[01;31m[KSharedPtr[m[K model_states_sub_;
[2.754s]       |                                                          [01;31m[K^~~~~~~~~[m[K
[2.754s]       |                                                                   [32m[K;[m[K
[2.754s] [01m[K/home/samee/ros2ws/src/r-gator-simulator-2/r-gator-gazebo-tool-2/src/gazebo_odom_publisher.cpp:24:58:[m[K [01;31m[Kerror: [m[Kredeclaration of â€˜[01m[Kint GazeboOdometry::SharedPtr[m[Kâ€™
[2.754s] [01m[K/home/samee/ros2ws/src/r-gator-simulator-2/r-gator-gazebo-tool-2/src/gazebo_odom_publisher.cpp:22:54:[m[K [01;36m[Knote: [m[Kprevious declaration â€˜[01m[Kint GazeboOdometry::SharedPtr[m[Kâ€™
[2.754s]    22 |     rclcpp::Client<gazebo_msgs::srv::GetModelState>::[01;36m[KSharedPtr[m[K states_client_;
[2.754s]       |                                                      [01;36m[K^~~~~~~~~[m[K
[2.755s] [01m[K/home/samee/ros2ws/src/r-gator-simulator-2/r-gator-gazebo-tool-2/src/gazebo_odom_publisher.cpp:24:68:[m[K [01;31m[Kerror: [m[Kâ€˜[01m[Kmodel_states_sub_[m[Kâ€™ does not name a type
[2.755s]    24 |     rclcpp::Subscription<gazebo_msgs::msg::ModelStates>::SharedPtr [01;31m[Kmodel_states_sub_[m[K;
[2.756s]       |                                                                    [01;31m[K^~~~~~~~~~~~~~~~~[m[K
[2.763s] [01m[K/home/samee/ros2ws/src/r-gator-simulator-2/r-gator-gazebo-tool-2/src/gazebo_odom_publisher.cpp:33:5:[m[K [01;31m[Kerror: [m[Kâ€˜[01m[Kgazebo_msgs[m[Kâ€™ does not name a type
[2.763s]    33 |     [01;31m[Kgazebo_msgs[m[K::srv::GetModelState::Request::SharedPtr model_states_request_;
[2.763s]       |     [01;31m[K^~~~~~~~~~~[m[K
[2.765s] [01m[K/home/samee/ros2ws/src/r-gator-simulator-2/r-gator-gazebo-tool-2/src/gazebo_odom_publisher.cpp:34:5:[m[K [01;31m[Kerror: [m[Kâ€˜[01m[Kgazebo_msgs[m[Kâ€™ does not name a type
[2.765s]    34 |     [01;31m[Kgazebo_msgs[m[K::srv::GetModelState::Response::SharedPtr model_states_response_;
[2.765s]       |     [01;31m[K^~~~~~~~~~~[m[K
[2.775s] [01m[K/home/samee/ros2ws/src/r-gator-simulator-2/r-gator-gazebo-tool-2/src/gazebo_odom_publisher.cpp:[m[K In constructor â€˜[01m[KGazeboOdometry::GazeboOdometry()[m[Kâ€™:
[2.775s] [01m[K/home/samee/ros2ws/src/r-gator-simulator-2/r-gator-gazebo-tool-2/src/gazebo_odom_publisher.cpp:54:5:[m[K [01;31m[Kerror: [m[Kâ€˜[01m[Kstates_client_[m[Kâ€™ was not declared in this scope
[2.775s]    54 |     [01;31m[Kstates_client_[m[K = this->create_client<gazebo_msgs::srv::GetModelState>("/gazebo/get_model_state");
[2.775s]       |     [01;31m[K^~~~~~~~~~~~~~[m[K
[2.780s] [01m[K/home/samee/ros2ws/src/r-gator-simulator-2/r-gator-gazebo-tool-2/src/gazebo_odom_publisher.cpp:54:42:[m[K [01;31m[Kerror: [m[Kâ€˜[01m[Kgazebo_msgs[m[Kâ€™ was not declared in this scope
[2.780s]    54 |     states_client_ = this->create_client<[01;31m[Kgazebo_msgs[m[K::srv::GetModelState>("/gazebo/get_model_state");
[2.781s]       |                                          [01;31m[K^~~~~~~~~~~[m[K
[2.781s] [01m[K/home/samee/ros2ws/src/r-gator-simulator-2/r-gator-gazebo-tool-2/src/gazebo_odom_publisher.cpp:54:28:[m[K [01;31m[Kerror: [m[Kparse error in template argument list
[2.781s]    54 |     states_client_ = this->[01;31m[Kcreate_client<gazebo_msgs::srv::GetModelState>[m[K("/gazebo/get_model_state");
[2.781s]       |                            [01;31m[K^~~~~~~~~~~~~~~~~~~~~~~~~~~~~~~~~~~~~~~~~~~~~~[m[K
[2.781s] [01m[K/home/samee/ros2ws/src/r-gator-simulator-2/r-gator-gazebo-tool-2/src/gazebo_odom_publisher.cpp:54:74:[m[K [01;31m[Kerror: [m[Kno matching function for call to â€˜[01m[KGazeboOdometry::create_client<<expression error> >(const char [24])[m[Kâ€™
[2.781s]    54 |     states_client_ = [01;31m[Kthis->create_client<gazebo_msgs::srv::GetModelState>("/gazebo/get_model_state")[m[K;
[2.781s]       |                      [01;31m[K~~~~~~~~~~~~~~~~~~~~~~~~~~~~~~~~~~~~~~~~~~~~~~~~~~~~^~~~~~~~~~~~~~~~~~~~~~~~~~~[m[K
[2.781s] In file included from [01m[K/opt/ros/humble/include/rclcpp/rclcpp/executors/single_threaded_executor.hpp:28[m[K,
[2.781s]                  from [01m[K/opt/ros/humble/include/rclcpp/rclcpp/executors.hpp:22[m[K,
[2.781s]                  from [01m[K/opt/ros/humble/include/rclcpp/rclcpp/rclcpp.hpp:155[m[K,
[2.781s]                  from [01m[K/home/samee/ros2ws/src/r-gator-simulator-2/r-gator-gazebo-tool-2/src/gazebo_odom_publisher.cpp:1[m[K:
[2.781s] [01m[K/opt/ros/humble/include/rclcpp/rclcpp/node.hpp:252:3:[m[K [01;36m[Knote: [m[Kcandidate: â€˜[01m[Ktemplate<class ServiceT> typename rclcpp::Client<ServiceT>::SharedPtr rclcpp::Node::create_client(const string&, const rmw_qos_profile_t&, rclcpp::CallbackGroup::SharedPtr)[m[Kâ€™
[2.782s]   252 |   [01;36m[Kcreate_client[m[K(
[2.782s]       |   [01;36m[K^~~~~~~~~~~~~[m[K
[2.782s] [01m[K/opt/ros/humble/include/rclcpp/rclcpp/node.hpp:252:3:[m[K [01;36m[Knote: [m[K  template argument deduction/substitution failed:
[2.782s] [01m[K/home/samee/ros2ws/src/r-gator-simulator-2/r-gator-gazebo-tool-2/src/gazebo_odom_publisher.cpp:54:74:[m[K [01;31m[Kerror: [m[Ktemplate argument 1 is invalid
[2.782s]    54 |     states_client_ = [01;31m[Kthis->create_client<gazebo_msgs::srv::GetModelState>("/gazebo/get_model_state")[m[K;
[2.782s]       |                      [01;31m[K~~~~~~~~~~~~~~~~~~~~~~~~~~~~~~~~~~~~~~~~~~~~~~~~~~~~^~~~~~~~~~~~~~~~~~~~~~~~~~~[m[K
[2.792s] [01m[K/home/samee/ros2ws/src/r-gator-simulator-2/r-gator-gazebo-tool-2/src/gazebo_odom_publisher.cpp:56:5:[m[K [01;31m[Kerror: [m[Kâ€˜[01m[Kmodel_states_sub_[m[Kâ€™ was not declared in this scope
[2.792s]    56 |     [01;31m[Kmodel_states_sub_[m[K = this->create_subscription<gazebo_msgs::msg::ModelStates>("/gazebo/model_states", 20, std::bind(&GazeboOdometry::ModelStatecallback, this, _1));
[2.792s]       |     [01;31m[K^~~~~~~~~~~~~~~~~[m[K
[2.792s] [01m[K/home/samee/ros2ws/src/r-gator-simulator-2/r-gator-gazebo-tool-2/src/gazebo_odom_publisher.cpp:56:31:[m[K [01;31m[Kerror: [m[Kparse error in template argument list
[2.792s]    56 |     model_states_sub_ = this->[01;31m[Kcreate_subscription<gazebo_msgs::msg::ModelStates>[m[K("/gazebo/model_states", 20, std::bind(&GazeboOdometry::ModelStatecallback, this, _1));
[2.792s]       |                               [01;31m[K^~~~~~~~~~~~~~~~~~~~~~~~~~~~~~~~~~~~~~~~~~~~~~~~~~[m[K
[2.797s] [01m[K/home/samee/ros2ws/src/r-gator-simulator-2/r-gator-gazebo-tool-2/src/gazebo_odom_publisher.cpp:56:81:[m[K [01;31m[Kerror: [m[Kno matching function for call to â€˜[01m[KGazeboOdometry::create_subscription<gazebo_msgs>(const char [21], int, std::_Bind_helper<false, void (GazeboOdometry::*)(...), GazeboOdometry*, const std::_Placeholder<1>&>::type)[m[Kâ€™
[2.797s]    56 |     model_states_sub_ = [01;31m[Kthis->create_subscription<gazebo_msgs::msg::ModelStates>("/gazebo/model_states", 20, std::bind(&GazeboOdometry::ModelStatecallback, this, _1))[m[K;
[2.797s]       |                         [01;31m[K~~~~~~~~~~~~~~~~~~~~~~~~~~~~~~~~~~~~~~~~~~~~~~~~~~~~~~~~^~~~~~~~~~~~~~~~~~~~~~~~~~~~~~~~~~~~~~~~~~~~~~~~~~~~~~~~~~~~~~~~~~~~~~~~~~~~~~~~~~~~~~[m[K
[2.797s] In file included from [01m[K/opt/ros/humble/include/rclcpp/rclcpp/executors/single_threaded_executor.hpp:28[m[K,
[2.797s]                  from [01m[K/opt/ros/humble/include/rclcpp/rclcpp/executors.hpp:22[m[K,
[2.797s]                  from [01m[K/opt/ros/humble/include/rclcpp/rclcpp/rclcpp.hpp:155[m[K,
[2.797s]                  from [01m[K/home/samee/ros2ws/src/r-gator-simulator-2/r-gator-gazebo-tool-2/src/gazebo_odom_publisher.cpp:1[m[K:
[2.797s] [01m[K/opt/ros/humble/include/rclcpp/rclcpp/node.hpp:219:3:[m[K [01;36m[Knote: [m[Kcandidate: â€˜[01m[Ktemplate<class MessageT, class CallbackT, class AllocatorT, class SubscriptionT, class MessageMemoryStrategyT> std::shared_ptr<ROSMessageT> rclcpp::Node::create_subscription(const string&, const rclcpp::QoS&, CallbackT&&, const rclcpp::SubscriptionOptionsWithAllocator<AllocatorT>&, typename MessageMemoryStrategyT::SharedPtr)[m[Kâ€™
[2.797s]   219 |   [01;36m[Kcreate_subscription[m[K(
[2.797s]       |   [01;36m[K^~~~~~~~~~~~~~~~~~~[m[K
[2.798s] [01m[K/opt/ros/humble/include/rclcpp/rclcpp/node.hpp:219:3:[m[K [01;36m[Knote: [m[K  template argument deduction/substitution failed:
[2.808s] [01m[K/home/samee/ros2ws/src/r-gator-simulator-2/r-gator-gazebo-tool-2/src/gazebo_odom_publisher.cpp:60:5:[m[K [01;31m[Kerror: [m[Kâ€˜[01m[Kmodel_states_request_[m[Kâ€™ was not declared in this scope
[2.808s]    60 |     [01;31m[Kmodel_states_request_[m[K = std::make_shared<gazebo_msgs::srv::GetModelState::Request>();
[2.808s]       |     [01;31m[K^~~~~~~~~~~~~~~~~~~~~[m[K
[2.808s] [01m[K/home/samee/ros2ws/src/r-gator-simulator-2/r-gator-gazebo-tool-2/src/gazebo_odom_publisher.cpp:60:34:[m[K [01;31m[Kerror: [m[Kparse error in template argument list
[2.808s]    60 |     model_states_request_ = std::[01;31m[Kmake_shared<gazebo_msgs::srv::GetModelState::Request>[m[K();
[2.808s]       |                                  [01;31m[K^~~~~~~~~~~~~~~~~~~~~~~~~~~~~~~~~~~~~~~~~~~~~~~~~~~~~[m[K
[2.808s] [01m[K/home/samee/ros2ws/src/r-gator-simulator-2/r-gator-gazebo-tool-2/src/gazebo_odom_publisher.cpp:60:87:[m[K [01;31m[Kerror: [m[Kno matching function for call to â€˜[01m[Kmake_shared<gazebo_msgs>()[m[Kâ€™
[2.808s]    60 |     model_states_request_ = [01;31m[Kstd::make_shared<gazebo_msgs::srv::GetModelState::Request>()[m[K;
[2.808s]       |                             [01;31m[K~~~~~~~~~~~~~~~~~~~~~~~~~~~~~~~~~~~~~~~~~~~~~~~~~~~~~~~~~~^~[m[K
[2.808s] In file included from [01m[K/usr/include/c++/11/memory:77[m[K,
[2.808s]                  from [01m[K/opt/ros/humble/include/rclcpp/rclcpp/rclcpp.hpp:153[m[K,
[2.808s]                  from [01m[K/home/samee/ros2ws/src/r-gator-simulator-2/r-gator-gazebo-tool-2/src/gazebo_odom_publisher.cpp:1[m[K:
[2.808s] [01m[K/usr/include/c++/11/bits/shared_ptr.h:875:5:[m[K [01;36m[Knote: [m[Kcandidate: â€˜[01m[Ktemplate<class _Tp, class ... _Args> std::shared_ptr<_Tp> std::make_shared(_Args&& ...)[m[Kâ€™
[2.808s]   875 |     [01;36m[Kmake_shared[m[K(_Args&&... __args)
[2.809s]       |     [01;36m[K^~~~~~~~~~~[m[K
[2.809s] [01m[K/usr/include/c++/11/bits/shared_ptr.h:875:5:[m[K [01;36m[Knote: [m[K  template argument deduction/substitution failed:
[2.818s] [01m[K/home/samee/ros2ws/src/r-gator-simulator-2/r-gator-gazebo-tool-2/src/gazebo_odom_publisher.cpp:61:5:[m[K [01;31m[Kerror: [m[Kâ€˜[01m[Kmodel_states_response_[m[Kâ€™ was not declared in this scope; did you mean â€˜[01m[Krcl_take_response[m[Kâ€™?
[2.818s]    61 |     [01;31m[Kmodel_states_response_[m[K = std::make_shared<gazebo_msgs::srv::GetModelState::Response>();
[2.818s]       |     [01;31m[K^~~~~~~~~~~~~~~~~~~~~~[m[K
[2.818s]       |     [32m[Krcl_take_response[m[K
[2.818s] [01m[K/home/samee/ros2ws/src/r-gator-simulator-2/r-gator-gazebo-tool-2/src/gazebo_odom_publisher.cpp:61:35:[m[K [01;31m[Kerror: [m[Kparse error in template argument list
[2.818s]    61 |     model_states_response_ = std::[01;31m[Kmake_shared<gazebo_msgs::srv::GetModelState::Response>[m[K();
[2.818s]       |                                   [01;31m[K^~~~~~~~~~~~~~~~~~~~~~~~~~~~~~~~~~~~~~~~~~~~~~~~~~~~~~[m[K
[2.818s] [01m[K/home/samee/ros2ws/src/r-gator-simulator-2/r-gator-gazebo-tool-2/src/gazebo_odom_publisher.cpp:61:89:[m[K [01;31m[Kerror: [m[Kno matching function for call to â€˜[01m[Kmake_shared<gazebo_msgs>()[m[Kâ€™
[2.818s]    61 |     model_states_response_ = [01;31m[Kstd::make_shared<gazebo_msgs::srv::GetModelState::Response>()[m[K;
[2.819s]       |                              [01;31m[K~~~~~~~~~~~~~~~~~~~~~~~~~~~~~~~~~~~~~~~~~~~~~~~~~~~~~~~~~~~^~[m[K
[2.819s] In file included from [01m[K/usr/include/c++/11/memory:77[m[K,
[2.819s]                  from [01m[K/opt/ros/humble/include/rclcpp/rclcpp/rclcpp.hpp:153[m[K,
[2.819s]                  from [01m[K/home/samee/ros2ws/src/r-gator-simulator-2/r-gator-gazebo-tool-2/src/gazebo_odom_publisher.cpp:1[m[K:
[2.819s] [01m[K/usr/include/c++/11/bits/shared_ptr.h:875:5:[m[K [01;36m[Knote: [m[Kcandidate: â€˜[01m[Ktemplate<class _Tp, class ... _Args> std::shared_ptr<_Tp> std::make_shared(_Args&& ...)[m[Kâ€™
[2.819s]   875 |     [01;36m[Kmake_shared[m[K(_Args&&... __args)
[2.819s]       |     [01;36m[K^~~~~~~~~~~[m[K
[2.819s] [01m[K/usr/include/c++/11/bits/shared_ptr.h:875:5:[m[K [01;36m[Knote: [m[K  template argument deduction/substitution failed:
[2.821s] [01m[K/home/samee/ros2ws/src/r-gator-simulator-2/r-gator-gazebo-tool-2/src/gazebo_odom_publisher.cpp:[m[K At global scope:
[2.821s] [01m[K/home/samee/ros2ws/src/r-gator-simulator-2/r-gator-gazebo-tool-2/src/gazebo_odom_publisher.cpp:64:47:[m[K [01;31m[Kerror: [m[Kâ€˜[01m[Kgazebo_msgs[m[Kâ€™ does not name a type
[2.821s]    64 | void GazeboOdometry::ModelStatecallback(const [01;31m[Kgazebo_msgs[m[K::msg::ModelStates::SharedPtr model_state_current)
[2.821s]       |                                               [01;31m[K^~~~~~~~~~~[m[K
[2.821s] [01m[K/home/samee/ros2ws/src/r-gator-simulator-2/r-gator-gazebo-tool-2/src/gazebo_odom_publisher.cpp:64:63:[m[K [01;31m[Kerror: [m[Kexpected unqualified-id before â€˜[01m[K::[m[Kâ€™ token
[2.821s]    64 | void GazeboOdometry::ModelStatecallback(const gazebo_msgs::msg[01;31m[K::[m[KModelStates::SharedPtr model_state_current)
[2.821s]       |                                                               [01;31m[K^~[m[K
[2.821s] [01m[K/home/samee/ros2ws/src/r-gator-simulator-2/r-gator-gazebo-tool-2/src/gazebo_odom_publisher.cpp:64:63:[m[K [01;31m[Kerror: [m[Kexpected â€˜[01m[K)[m[Kâ€™ before â€˜[01m[K::[m[Kâ€™ token
[2.821s]    64 | void GazeboOdometry::ModelStatecallback[34m[K([m[Kconst gazebo_msgs::msg[01;31m[K:[m[K[32m[K:[m[KModelStates::SharedPtr model_state_current)
[2.821s]       |                                        [34m[K~[m[K                      [01;31m[K^[m[K[32m[K~[m[K
[2.821s]       |                                                               [32m[K)[m[K
[2.821s] [01m[K/home/samee/ros2ws/src/r-gator-simulator-2/r-gator-gazebo-tool-2/src/gazebo_odom_publisher.cpp:64:63:[m[K [01;31m[Kerror: [m[Kexpected initializer before â€˜[01m[K::[m[Kâ€™ token
[2.822s]    64 | void GazeboOdometry::ModelStatecallback(const gazebo_msgs::msg[01;31m[K::[m[KModelStates::SharedPtr model_state_current)
[2.822s]       |                                                               [01;31m[K^~[m[K
[2.831s] [01m[K/home/samee/ros2ws/src/r-gator-simulator-2/r-gator-gazebo-tool-2/src/gazebo_odom_publisher.cpp:[m[K In member function â€˜[01m[Kvoid GazeboOdometry::pub_odom()[m[Kâ€™:
[2.831s] [01m[K/home/samee/ros2ws/src/r-gator-simulator-2/r-gator-gazebo-tool-2/src/gazebo_odom_publisher.cpp:83:5:[m[K [01;31m[Kerror: [m[Kâ€˜[01m[Kmodel_states_request_[m[Kâ€™ was not declared in this scope
[2.831s]    83 |     [01;31m[Kmodel_states_request_[m[K->model_name = robot_name_;
[2.831s]       |     [01;31m[K^~~~~~~~~~~~~~~~~~~~~[m[K
[2.838s] [01m[K/home/samee/ros2ws/src/r-gator-simulator-2/r-gator-gazebo-tool-2/src/gazebo_odom_publisher.cpp:86:9:[m[K [01;31m[Kerror: [m[Kâ€˜[01m[Kstates_client_[m[Kâ€™ was not declared in this scope
[2.838s]    86 |     if ([01;31m[Kstates_client_[m[K->service_is_ready())
[2.838s]       |         [01;31m[K^~~~~~~~~~~~~~[m[K
[3.672s] gmake[2]: *** [CMakeFiles/r-gator-gazebo-tool-2_node.dir/build.make:76: CMakeFiles/r-gator-gazebo-tool-2_node.dir/src/gazebo_odom_publisher.cpp.o] Error 1
[3.673s] gmake[1]: *** [CMakeFiles/Makefile2:139: CMakeFiles/r-gator-gazebo-tool-2_node.dir/all] Error 2
[3.673s] gmake: *** [Makefile:146: all] Error 2
[3.674s] Invoked command in '/home/samee/ros2ws/build/r-gator-gazebo-tool-2' returned '2': /usr/local/bin/cmake --build /home/samee/ros2ws/build/r-gator-gazebo-tool-2 -- -j12 -l12
