[0.299s] Invoking command in '/home/samee/ros2ws/build/r_gator_gazebo_tool': CMAKE_PREFIX_PATH=/opt/ros/humble:${CMAKE_PREFIX_PATH} /usr/local/bin/cmake --build /home/samee/ros2ws/build/r_gator_gazebo_tool -- -j12 -l12
[0.310s] -- Found ament_cmake: 1.3.5 (/opt/ros/humble/share/ament_cmake/cmake)
[0.510s] -- Found ackermann_msgs: 2.0.2 (/opt/ros/humble/share/ackermann_msgs/cmake)
[0.540s] -- Found rosidl_generator_c: 3.1.5 (/opt/ros/humble/share/rosidl_generator_c/cmake)
[0.544s] -- Found rosidl_adapter: 3.1.5 (/opt/ros/humble/share/rosidl_adapter/cmake)
[0.551s] -- Found rosidl_generator_cpp: 3.1.5 (/opt/ros/humble/share/rosidl_generator_cpp/cmake)
[0.565s] -- Using all available rosidl_typesupport_c: rosidl_typesupport_fastrtps_c;rosidl_typesupport_introspection_c
[0.586s] -- Using all available rosidl_typesupport_cpp: rosidl_typesupport_fastrtps_cpp;rosidl_typesupport_introspection_cpp
[0.729s] -- Found rclcpp: 16.0.6 (/opt/ros/humble/share/rclcpp/cmake)
[0.790s] -- Found rmw_implementation_cmake: 6.1.1 (/opt/ros/humble/share/rmw_implementation_cmake/cmake)
[0.792s] -- Found rmw_fastrtps_cpp: 6.2.4 (/opt/ros/humble/share/rmw_fastrtps_cpp/cmake)
[0.923s] -- Using RMW implementation 'rmw_fastrtps_cpp' as default
[1.085s] -- Found tf2: 0.25.4 (/opt/ros/humble/share/tf2/cmake)
[1.224s] -- Configuring done (0.9s)
[1.232s] -- Generating done (0.0s)
[1.233s] -- Build files have been written to: /home/samee/ros2ws/build/r_gator_gazebo_tool
[1.247s] [ 57%] [32mBuilding CXX object CMakeFiles/r_gator_gazebo_tool.dir/src/tf_broadcaster.cpp.o[0m
[1.247s] [ 57%] [32mBuilding CXX object CMakeFiles/tf_broadcaster_node.dir/src/tf_broadcaster.cpp.o[0m
[1.247s] [ 57%] [32mBuilding CXX object CMakeFiles/r_gator_gazebo_tool.dir/src/gazebo_odom_publisher.cpp.o[0m
[1.247s] [ 57%] [32mBuilding CXX object CMakeFiles/r_gator_gazebo_tool_node.dir/src/gazebo_odom_publisher.cpp.o[0m
[1.253s] [01m[K/home/samee/ros2ws/src/r_gator_gazebo_tool/src/tf_broadcaster.cpp:1:10:[m[K [01;31m[Kfatal error: [m[Krclcpp/rclcpp.hpp: No such file or directory
[1.253s]     1 | #include [01;31m[K"rclcpp/rclcpp.hpp"[m[K
[1.253s]       |          [01;31m[K^~~~~~~~~~~~~~~~~~~[m[K
[1.253s] [01m[K/home/samee/ros2ws/src/r_gator_gazebo_tool/src/tf_broadcaster.cpp:1:10:[m[K [01;31m[Kfatal error: [m[Krclcpp/rclcpp.hpp: No such file or directory
[1.253s]     1 | #include [01;31m[K"rclcpp/rclcpp.hpp"[m[K
[1.253s]       |          [01;31m[K^~~~~~~~~~~~~~~~~~~[m[K
[1.253s] [01m[K/home/samee/ros2ws/src/r_gator_gazebo_tool/src/gazebo_odom_publisher.cpp:1:10:[m[K [01;31m[Kfatal error: [m[Krclcpp/rclcpp.hpp: No such file or directory
[1.253s]     1 | #include [01;31m[K"rclcpp/rclcpp.hpp"[m[K
[1.253s]       |          [01;31m[K^~~~~~~~~~~~~~~~~~~[m[K
[1.253s] compilation terminated.
[1.253s] compilation terminated.
[1.253s] compilation terminated.
[1.254s] [01m[K/home/samee/ros2ws/src/r_gator_gazebo_tool/src/gazebo_odom_publisher.cpp:1:10:[m[K [01;31m[Kfatal error: [m[Krclcpp/rclcpp.hpp: No such file or directory
[1.254s]     1 | #include [01;31m[K"rclcpp/rclcpp.hpp"[m[K
[1.254s]       |          [01;31m[K^~~~~~~~~~~~~~~~~~~[m[K
[1.254s] compilation terminated.
[1.254s] gmake[2]: *** [CMakeFiles/tf_broadcaster_node.dir/build.make:76: CMakeFiles/tf_broadcaster_node.dir/src/tf_broadcaster.cpp.o] Error 1
[1.254s] gmake[2]: *** [CMakeFiles/r_gator_gazebo_tool.dir/build.make:90: CMakeFiles/r_gator_gazebo_tool.dir/src/gazebo_odom_publisher.cpp.o] Error 1
[1.254s] gmake[2]: *** Waiting for unfinished jobs....
[1.254s] gmake[2]: *** [CMakeFiles/r_gator_gazebo_tool_node.dir/build.make:76: CMakeFiles/r_gator_gazebo_tool_node.dir/src/gazebo_odom_publisher.cpp.o] Error 1
[1.254s] gmake[2]: *** [CMakeFiles/r_gator_gazebo_tool.dir/build.make:76: CMakeFiles/r_gator_gazebo_tool.dir/src/tf_broadcaster.cpp.o] Error 1
[1.254s] gmake[1]: *** [CMakeFiles/Makefile2:141: CMakeFiles/r_gator_gazebo_tool.dir/all] Error 2
[1.254s] gmake[1]: *** Waiting for unfinished jobs....
[1.254s] gmake[1]: *** [CMakeFiles/Makefile2:167: CMakeFiles/r_gator_gazebo_tool_node.dir/all] Error 2
[1.254s] gmake[1]: *** [CMakeFiles/Makefile2:193: CMakeFiles/tf_broadcaster_node.dir/all] Error 2
[1.254s] gmake: *** [Makefile:146: all] Error 2
[1.255s] Invoked command in '/home/samee/ros2ws/build/r_gator_gazebo_tool' returned '2': CMAKE_PREFIX_PATH=/opt/ros/humble:${CMAKE_PREFIX_PATH} /usr/local/bin/cmake --build /home/samee/ros2ws/build/r_gator_gazebo_tool -- -j12 -l12
