[0.275s] Invoking command in '/home/samee/ros2ws/build/r-gator-gazebo-tool-2': /usr/local/bin/cmake --build /home/samee/ros2ws/build/r-gator-gazebo-tool-2 -- -j12 -l12
[0.296s] [ 25%] [32mBuilding CXX object CMakeFiles/tf_broadcaster_node.dir/src/tf_broadcaster.cpp.o[0m
[0.301s] [ 50%] [32mBuilding CXX object CMakeFiles/r-gator-gazebo-tool-2_node.dir/src/gazebo_odom_publisher.cpp.o[0m
[2.262s] [01m[K/home/samee/ros2ws/src/r-gator-simulator-2/r-gator-gazebo-tool-2/src/gazebo_odom_publisher.cpp:35:5:[m[K [01;31m[Kerror: [m[Kâ€˜[01m[Ktf2[m[Kâ€™ does not name a type
[2.262s]    35 |     [01;31m[Ktf2[m[K::Transform transform;
[2.262s]       |     [01;31m[K^~~[m[K
[2.262s] [01m[K/home/samee/ros2ws/src/r-gator-simulator-2/r-gator-gazebo-tool-2/src/gazebo_odom_publisher.cpp:36:5:[m[K [01;31m[Kerror: [m[Kâ€˜[01m[Ktf2[m[Kâ€™ does not name a type
[2.262s]    36 |     [01;31m[Ktf2[m[K::Quaternion quaternion;
[2.262s]       |     [01;31m[K^~~[m[K
[2.296s] [01m[K/home/samee/ros2ws/src/r-gator-simulator-2/r-gator-gazebo-tool-2/src/tf_broadcaster.cpp:[m[K In member function â€˜[01m[Kvoid TfBroadcasterNode::publishTransforms()[m[Kâ€™:
[2.296s] [01m[K/home/samee/ros2ws/src/r-gator-simulator-2/r-gator-gazebo-tool-2/src/tf_broadcaster.cpp:49:18:[m[K [01;31m[Kerror: [m[Kâ€˜[01m[KTransform[m[Kâ€™ is not a member of â€˜[01m[Ktf2[m[Kâ€™; did you mean â€˜[01m[Kgeometry_msgs::msg::Transform[m[Kâ€™?
[2.297s]    49 |             tf2::[01;31m[KTransform[m[K tfTransform;
[2.297s]       |                  [01;31m[K^~~~~~~~~[m[K
[2.297s] In file included from [01m[K/opt/ros/humble/include/geometry_msgs/geometry_msgs/msg/detail/transform_stamped__struct.hpp:22[m[K,
[2.297s]                  from [01m[K/opt/ros/humble/include/geometry_msgs/geometry_msgs/msg/transform_stamped.hpp:7[m[K,
[2.297s]                  from [01m[K/opt/ros/humble/include/tf2_ros/tf2_ros/transform_broadcaster.h:42[m[K,
[2.297s]                  from [01m[K/home/samee/ros2ws/src/r-gator-simulator-2/r-gator-gazebo-tool-2/src/tf_broadcaster.cpp:7[m[K:
[2.297s] [01m[K/opt/ros/humble/include/geometry_msgs/geometry_msgs/msg/detail/transform__struct.hpp:135:7:[m[K [01;36m[Knote: [m[Kâ€˜[01m[Kgeometry_msgs::msg::Transform[m[Kâ€™ declared here
[2.297s]   135 | using [01;36m[KTransform[m[K =
[2.297s]       |       [01;36m[K^~~~~~~~~[m[K
[2.297s] [01m[K/home/samee/ros2ws/src/r-gator-simulator-2/r-gator-gazebo-tool-2/src/tf_broadcaster.cpp:50:18:[m[K [01;31m[Kerror: [m[Kâ€˜[01m[Kconvert[m[Kâ€™ is not a member of â€˜[01m[Ktf2[m[Kâ€™
[2.297s]    50 |             tf2::[01;31m[Kconvert[m[K(grid_->info.origin, tfTransform);
[2.297s]       |                  [01;31m[K^~~~~~~[m[K
[2.303s] [01m[K/home/samee/ros2ws/src/r-gator-simulator-2/r-gator-gazebo-tool-2/src/tf_broadcaster.cpp:50:46:[m[K [01;31m[Kerror: [m[Kâ€˜[01m[KtfTransform[m[Kâ€™ was not declared in this scope
[2.303s]    50 |             tf2::convert(grid_->info.origin, [01;31m[KtfTransform[m[K);
[2.303s]       |                                              [01;31m[K^~~~~~~~~~~[m[K
[2.304s] [01m[K/home/samee/ros2ws/src/r-gator-simulator-2/r-gator-gazebo-tool-2/src/tf_broadcaster.cpp:55:18:[m[K [01;31m[Kerror: [m[Kâ€˜[01m[Kconvert[m[Kâ€™ is not a member of â€˜[01m[Ktf2[m[Kâ€™
[2.304s]    55 |             tf2::[01;31m[Kconvert[m[K(tfTransform, odom_to_map.transform);
[2.304s]       |                  [01;31m[K^~~~~~~[m[K
[3.128s] gmake[2]: *** [CMakeFiles/r-gator-gazebo-tool-2_node.dir/build.make:76: CMakeFiles/r-gator-gazebo-tool-2_node.dir/src/gazebo_odom_publisher.cpp.o] Error 1
[3.128s] gmake[1]: *** [CMakeFiles/Makefile2:139: CMakeFiles/r-gator-gazebo-tool-2_node.dir/all] Error 2
[3.128s] gmake[1]: *** Waiting for unfinished jobs....
[4.445s] gmake[2]: *** [CMakeFiles/tf_broadcaster_node.dir/build.make:76: CMakeFiles/tf_broadcaster_node.dir/src/tf_broadcaster.cpp.o] Error 1
[4.445s] gmake[1]: *** [CMakeFiles/Makefile2:165: CMakeFiles/tf_broadcaster_node.dir/all] Error 2
[4.446s] gmake: *** [Makefile:146: all] Error 2
[4.447s] Invoked command in '/home/samee/ros2ws/build/r-gator-gazebo-tool-2' returned '2': /usr/local/bin/cmake --build /home/samee/ros2ws/build/r-gator-gazebo-tool-2 -- -j12 -l12
